#
# There is insufficient memory for the Java Runtime Environment to continue.
# Native memory allocation (malloc) failed to allocate 62416 bytes for Chunk::new
# Possible reasons:
#   The system is out of physical RAM or swap space
#   In 32 bit mode, the process size limit was hit
# Possible solutions:
#   Reduce memory load on the system
#   Increase physical memory or swap space
#   Check if swap backing store is full
#   Use 64 bit Java on a 64 bit OS
#   Decrease Java heap size (-Xmx/-Xms)
#   Decrease number of Java threads
#   Decrease Java thread stack sizes (-Xss)
#   Set larger code cache with -XX:ReservedCodeCacheSize=
# This output file may be truncated or incomplete.
#
#  Out of Memory Error (allocation.cpp:390), pid=7820, tid=7044
#
# JRE version: Java(TM) SE Runtime Environment (8.0_40-b25) (build 1.8.0_40-b25)
# Java VM: Java HotSpot(TM) 64-Bit Server VM (25.40-b25 mixed mode windows-amd64 compressed oops)
# Failed to write core dump. Minidumps are not enabled by default on client versions of Windows
#

---------------  T H R E A D  ---------------

Current thread (0x0000000014c5a800):  JavaThread "C2 CompilerThread0" daemon [_thread_in_native, id=7044, stack(0x00000000161b0000,0x00000000162b0000)]

Stack: [0x00000000161b0000,0x00000000162b0000]
[error occurred during error reporting (printing stack bounds), id 0xc0000005]

Native frames: (J=compiled Java code, j=interpreted, Vv=VM code, C=native code)
V  [jvm.dll+0x32b47a]
V  [jvm.dll+0x2797f3]
V  [jvm.dll+0x27a489]
V  [jvm.dll+0x293406]
V  [jvm.dll+0x297d5c]
V  [jvm.dll+0x5ca83f]
C  [msvcr100.dll+0x712e3]
V  [jvm.dll+0x5c9f3d]
C  [ntdll.dll+0x9633d]
C  [ntdll.dll+0x13c00]
C  [ntdll.dll+0x9544a]
V  [jvm.dll+0x21bc71]


Current CompileTask:
C2:  13242 1305       4       java.io.DataInputStream::readUTF (501 bytes)


---------------  P R O C E S S  ---------------

Java Threads: ( => current thread )
  0x00000000171d6800 JavaThread "Stdin handler" [_thread_blocked, id=2400, stack(0x0000000018db0000,0x0000000018eb0000)]
  0x0000000017479800 JavaThread "Daemon worker" [_thread_in_vm, id=7556, stack(0x0000000018cb0000,0x0000000018db0000)]
  0x0000000017477800 JavaThread "Cancel handler" [_thread_blocked, id=1720, stack(0x0000000018bb0000,0x0000000018cb0000)]
  0x000000001788b000 JavaThread "Handler for socket connection from /127.0.0.1:13597 to /127.0.0.1:13617" [_thread_in_native, id=3788, stack(0x0000000018ab0000,0x0000000018bb0000)]
  0x0000000016db3800 JavaThread "Daemon" [_thread_blocked, id=8472, stack(0x00000000189b0000,0x0000000018ab0000)]
  0x00000000164de800 JavaThread "Incoming local TCP Connector on port 13597" [_thread_in_native, id=6604, stack(0x00000000172b0000,0x00000000173b0000)]
  0x00000000164e0800 JavaThread "Service Thread" daemon [_thread_blocked, id=1392, stack(0x00000000168b0000,0x00000000169b0000)]
  0x0000000014c5f800 JavaThread "C1 CompilerThread2" daemon [_thread_blocked, id=7392, stack(0x00000000163b0000,0x00000000164b0000)]
  0x0000000014c5c000 JavaThread "C2 CompilerThread1" daemon [_thread_blocked, id=8872, stack(0x00000000162b0000,0x00000000163b0000)]
=>0x0000000014c5a800 JavaThread "C2 CompilerThread0" daemon [_thread_in_native, id=7044, stack(0x00000000161b0000,0x00000000162b0000)]
  0x0000000014c6a000 JavaThread "Attach Listener" daemon [_thread_blocked, id=4648, stack(0x00000000160b0000,0x00000000161b0000)]
  0x0000000014c69000 JavaThread "Signal Dispatcher" daemon [_thread_blocked, id=4520, stack(0x0000000015fb0000,0x00000000160b0000)]
  0x0000000002587800 JavaThread "Finalizer" daemon [_thread_blocked, id=6276, stack(0x0000000015eb0000,0x0000000015fb0000)]
  0x000000000257e800 JavaThread "Reference Handler" daemon [_thread_blocked, id=2272, stack(0x0000000015db0000,0x0000000015eb0000)]
  0x000000000248e800 JavaThread "main" [_thread_blocked, id=8700, stack(0x00000000022a0000,0x00000000023a0000)]

Other Threads:
  0x0000000014c28000 VMThread [stack: 0x0000000015cb0000,0x0000000015db0000] [id=708]
  0x0000000014cbc800 WatcherThread [stack: 0x00000000169b0000,0x0000000016ab0000] [id=2716]

VM state:not at safepoint (normal execution)

VM Mutex/Monitor currently owned by a thread: None

Heap:
 PSYoungGen      total 18432K, used 12699K [0x00000000eab00000, 0x00000000ebf80000, 0x0000000100000000)
  eden space 15872K, 63% used [0x00000000eab00000,0x00000000eb4e6f68,0x00000000eba80000)
  from space 2560K, 100% used [0x00000000eba80000,0x00000000ebd00000,0x00000000ebd00000)
  to   space 2560K, 0% used [0x00000000ebd00000,0x00000000ebd00000,0x00000000ebf80000)
 ParOldGen       total 42496K, used 2108K [0x00000000c0000000, 0x00000000c2980000, 0x00000000eab00000)
  object space 42496K, 4% used [0x00000000c0000000,0x00000000c020f150,0x00000000c2980000)
 Metaspace       used 12142K, capacity 12522K, committed 12800K, reserved 1060864K
  class space    used 1638K, capacity 1745K, committed 1792K, reserved 1048576K

Card table byte_map: [0x0000000011950000,0x0000000011b60000] byte_map_base: 0x0000000011350000

Marking Bits: (ParMarkBitMap*) 0x0000000065204040
 Begin Bits: [0x00000000120c0000, 0x00000000130c0000)
 End Bits:   [0x00000000130c0000, 0x00000000140c0000)

Polling page: 0x0000000002200000

CodeCache: size=245760Kb used=4528Kb max_used=4540Kb free=241231Kb
 bounds [0x0000000002590000, 0x0000000002a10000, 0x0000000011590000]
 total_blobs=1638 nmethods=1291 adapters=260
 compilation: enabled

Compilation events (10 events):
Event: 13.192 Thread 0x0000000014c5f800 nmethod 1303 0x00000000029fe150 code [0x00000000029fe2a0, 0x00000000029fe450]
Event: 13.192 Thread 0x0000000014c5f800 1304       3       java.lang.Integer::hashCode (2 bytes)
Event: 13.192 Thread 0x0000000014c5a800 1305       4       java.io.DataInputStream::readUTF (501 bytes)
Event: 13.192 Thread 0x0000000014c5f800 nmethod 1304 0x00000000029fde50 code [0x00000000029fdfa0, 0x00000000029fe0d0]
Event: 13.192 Thread 0x0000000014c5f800 1306       3       org.codehaus.groovy.reflection.GeneratedMetaMethod$DgmMethodRecord::<init> (5 bytes)
Event: 13.192 Thread 0x0000000014c5f800 nmethod 1306 0x00000000029fda90 code [0x00000000029fdbe0, 0x00000000029fdd90]
Event: 13.193 Thread 0x0000000014c5c000 1307       4       java.util.ArrayList::add (29 bytes)
Event: 13.197 Thread 0x0000000014c5c000 nmethod 1307 0x0000000002a00850 code [0x0000000002a009a0, 0x0000000002a00cc8]
Event: 13.204 Thread 0x0000000014c5c000 1308       4       java.lang.String::concat (47 bytes)
Event: 13.211 Thread 0x0000000014c5c000 nmethod 1308 0x0000000002a00f90 code [0x0000000002a010e0, 0x0000000002a01498]

GC Heap History (6 events):
Event: 3.046 GC heap before
{Heap before GC invocations=1 (full 0):
 PSYoungGen      total 18432K, used 15872K [0x00000000eab00000, 0x00000000ebf80000, 0x0000000100000000)
  eden space 15872K, 100% used [0x00000000eab00000,0x00000000eba80000,0x00000000eba80000)
  from space 2560K, 0% used [0x00000000ebd00000,0x00000000ebd00000,0x00000000ebf80000)
  to   space 2560K, 0% used [0x00000000eba80000,0x00000000eba80000,0x00000000ebd00000)
 ParOldGen       total 42496K, used 0K [0x00000000c0000000, 0x00000000c2980000, 0x00000000eab00000)
  object space 42496K, 0% used [0x00000000c0000000,0x00000000c0000000,0x00000000c2980000)
 Metaspace       used 5476K, capacity 5912K, committed 6144K, reserved 1056768K
  class space    used 699K, capacity 760K, committed 768K, reserved 1048576K
Event: 3.049 GC heap after
Heap after GC invocations=1 (full 0):
 PSYoungGen      total 18432K, used 2530K [0x00000000eab00000, 0x00000000ebf80000, 0x0000000100000000)
  eden space 15872K, 0% used [0x00000000eab00000,0x00000000eab00000,0x00000000eba80000)
  from space 2560K, 98% used [0x00000000eba80000,0x00000000ebcf8af8,0x00000000ebd00000)
  to   space 2560K, 0% used [0x00000000ebd00000,0x00000000ebd00000,0x00000000ebf80000)
 ParOldGen       total 42496K, used 343K [0x00000000c0000000, 0x00000000c2980000, 0x00000000eab00000)
  object space 42496K, 0% used [0x00000000c0000000,0x00000000c0055e00,0x00000000c2980000)
 Metaspace       used 5476K, capacity 5912K, committed 6144K, reserved 1056768K
  class space    used 699K, capacity 760K, committed 768K, reserved 1048576K
}
Event: 6.981 GC heap before
{Heap before GC invocations=2 (full 0):
 PSYoungGen      total 18432K, used 18402K [0x00000000eab00000, 0x00000000ebf80000, 0x0000000100000000)
  eden space 15872K, 100% used [0x00000000eab00000,0x00000000eba80000,0x00000000eba80000)
  from space 2560K, 98% used [0x00000000eba80000,0x00000000ebcf8af8,0x00000000ebd00000)
  to   space 2560K, 0% used [0x00000000ebd00000,0x00000000ebd00000,0x00000000ebf80000)
 ParOldGen       total 42496K, used 343K [0x00000000c0000000, 0x00000000c2980000, 0x00000000eab00000)
  object space 42496K, 0% used [0x00000000c0000000,0x00000000c0055e00,0x00000000c2980000)
 Metaspace       used 6583K, capacity 6784K, committed 6784K, reserved 1056768K
  class space    used 841K, capacity 896K, committed 896K, reserved 1048576K
Event: 6.984 GC heap after
Heap after GC invocations=2 (full 0):
 PSYoungGen      total 18432K, used 2544K [0x00000000eab00000, 0x00000000ebf80000, 0x0000000100000000)
  eden space 15872K, 0% used [0x00000000eab00000,0x00000000eab00000,0x00000000eba80000)
  from space 2560K, 99% used [0x00000000ebd00000,0x00000000ebf7c010,0x00000000ebf80000)
  to   space 2560K, 0% used [0x00000000eba80000,0x00000000eba80000,0x00000000ebd00000)
 ParOldGen       total 42496K, used 484K [0x00000000c0000000, 0x00000000c2980000, 0x00000000eab00000)
  object space 42496K, 1% used [0x00000000c0000000,0x00000000c0079090,0x00000000c2980000)
 Metaspace       used 6583K, capacity 6784K, committed 6784K, reserved 1056768K
  class space    used 841K, capacity 896K, committed 896K, reserved 1048576K
}
Event: 12.848 GC heap before
{Heap before GC invocations=3 (full 0):
 PSYoungGen      total 18432K, used 18416K [0x00000000eab00000, 0x00000000ebf80000, 0x0000000100000000)
  eden space 15872K, 100% used [0x00000000eab00000,0x00000000eba80000,0x00000000eba80000)
  from space 2560K, 99% used [0x00000000ebd00000,0x00000000ebf7c010,0x00000000ebf80000)
  to   space 2560K, 0% used [0x00000000eba80000,0x00000000eba80000,0x00000000ebd00000)
 ParOldGen       total 42496K, used 484K [0x00000000c0000000, 0x00000000c2980000, 0x00000000eab00000)
  object space 42496K, 1% used [0x00000000c0000000,0x00000000c0079090,0x00000000c2980000)
 Metaspace       used 10737K, capacity 11114K, committed 11392K, reserved 1058816K
  class space    used 1426K, capacity 1553K, committed 1664K, reserved 1048576K
Event: 12.853 GC heap after
Heap after GC invocations=3 (full 0):
 PSYoungGen      total 18432K, used 2560K [0x00000000eab00000, 0x00000000ebf80000, 0x0000000100000000)
  eden space 15872K, 0% used [0x00000000eab00000,0x00000000eab00000,0x00000000eba80000)
  from space 2560K, 100% used [0x00000000eba80000,0x00000000ebd00000,0x00000000ebd00000)
  to   space 2560K, 0% used [0x00000000ebd00000,0x00000000ebd00000,0x00000000ebf80000)
 ParOldGen       total 42496K, used 2108K [0x00000000c0000000, 0x00000000c2980000, 0x00000000eab00000)
  object space 42496K, 4% used [0x00000000c0000000,0x00000000c020f150,0x00000000c2980000)
 Metaspace       used 10737K, capacity 11114K, committed 11392K, reserved 1058816K
  class space    used 1426K, capacity 1553K, committed 1664K, reserved 1048576K
}

Deoptimization events (10 events):
Event: 6.889 Thread 0x000000000248e800 Uncommon trap: reason=bimorphic action=maybe_recompile pc=0x00000000027ecba0 method=java.util.regex.Pattern$Slice.match(Ljava/util/regex/Matcher;ILjava/lang/CharSequence;)Z @ 75
Event: 6.912 Thread 0x000000000248e800 Uncommon trap: reason=unstable_if action=reinterpret pc=0x000000000283386c method=sun.misc.MetaIndex.mayContain(Ljava/lang/String;)Z @ 38
Event: 6.914 Thread 0x000000000248e800 Uncommon trap: reason=unstable_if action=reinterpret pc=0x00000000027943f0 method=sun.misc.MetaIndex.mayContain(Ljava/lang/String;)Z @ 38
Event: 6.941 Thread 0x000000000248e800 Uncommon trap: reason=class_check action=maybe_recompile pc=0x00000000027ecadc method=java.util.regex.Matcher.match(II)Z @ 86
Event: 12.402 Thread 0x000000000248e800 Uncommon trap: reason=unstable_if action=reinterpret pc=0x00000000028810e0 method=java.io.WinNTFileSystem.normalize(Ljava/lang/String;II)Ljava/lang/String; @ 90
Event: 12.609 Thread 0x00000000164de800 Uncommon trap: reason=bimorphic action=maybe_recompile pc=0x0000000002821b5c method=java.util.HashMap.putVal(ILjava/lang/Object;Ljava/lang/Object;ZZ)Ljava/lang/Object; @ 91
Event: 12.611 Thread 0x00000000164de800 Uncommon trap: reason=bimorphic action=maybe_recompile pc=0x0000000002821b5c method=java.util.HashMap.putVal(ILjava/lang/Object;Ljava/lang/Object;ZZ)Ljava/lang/Object; @ 91
Event: 12.718 Thread 0x0000000017479800 Uncommon trap: reason=bimorphic action=maybe_recompile pc=0x0000000002821b5c method=java.util.HashMap.putVal(ILjava/lang/Object;Ljava/lang/Object;ZZ)Ljava/lang/Object; @ 91
Event: 12.973 Thread 0x0000000017479800 Uncommon trap: reason=bimorphic action=maybe_recompile pc=0x00000000029cfd18 method=java.util.HashMap.putVal(ILjava/lang/Object;Ljava/lang/Object;ZZ)Ljava/lang/Object; @ 203
Event: 12.973 Thread 0x0000000017479800 Uncommon trap: reason=bimorphic action=maybe_recompile pc=0x00000000029cfd18 method=java.util.HashMap.putVal(ILjava/lang/Object;Ljava/lang/Object;ZZ)Ljava/lang/Object; @ 203

Internal exceptions (10 events):
Event: 12.699 Thread 0x0000000017479800 Exception <a 'java/lang/NoSuchMethodError': <clinit>> (0x00000000eb4f5358) thrown at [D:\re\workspace\8-2-build-windows-amd64-cygwin\jdk8u40\2855\hotspot\src\share\vm\prims\jni.cpp, line 1598]
Event: 12.703 Thread 0x000000001788b000 Exception <a 'java/lang/NoSuchMethodError': <clinit>> (0x00000000eb413840) thrown at [D:\re\workspace\8-2-build-windows-amd64-cygwin\jdk8u40\2855\hotspot\src\share\vm\prims\jni.cpp, line 1598]
Event: 12.704 Thread 0x000000001788b000 Exception <a 'java/lang/NoSuchMethodError': <clinit>> (0x00000000eb532740) thrown at [D:\re\workspace\8-2-build-windows-amd64-cygwin\jdk8u40\2855\hotspot\src\share\vm\prims\jni.cpp, line 1598]
Event: 12.789 Thread 0x0000000017479800 Exception <a 'java/lang/ArrayIndexOutOfBoundsException'> (0x00000000eb724f40) thrown at [D:\re\workspace\8-2-build-windows-amd64-cygwin\jdk8u40\2855\hotspot\src\share\vm\runtime\sharedRuntime.cpp, line 605]
Event: 12.789 Thread 0x0000000017479800 Exception <a 'java/lang/ArrayIndexOutOfBoundsException'> (0x00000000eb7265d0) thrown at [D:\re\workspace\8-2-build-windows-amd64-cygwin\jdk8u40\2855\hotspot\src\share\vm\runtime\sharedRuntime.cpp, line 605]
Event: 12.792 Thread 0x0000000017479800 Exception <a 'java/lang/ArrayIndexOutOfBoundsException'> (0x00000000eb742ae0) thrown at [D:\re\workspace\8-2-build-windows-amd64-cygwin\jdk8u40\2855\hotspot\src\share\vm\runtime\sharedRuntime.cpp, line 605]
Event: 12.792 Thread 0x0000000017479800 Exception <a 'java/lang/ArrayIndexOutOfBoundsException'> (0x00000000eb745670) thrown at [D:\re\workspace\8-2-build-windows-amd64-cygwin\jdk8u40\2855\hotspot\src\share\vm\runtime\sharedRuntime.cpp, line 605]
Event: 12.825 Thread 0x0000000017479800 Exception <a 'java/lang/ArrayIndexOutOfBoundsException'> (0x00000000eb8cdec0) thrown at [D:\re\workspace\8-2-build-windows-amd64-cygwin\jdk8u40\2855\hotspot\src\share\vm\runtime\sharedRuntime.cpp, line 605]
Event: 12.826 Thread 0x0000000017479800 Exception <a 'java/lang/ArrayIndexOutOfBoundsException'> (0x00000000eb8e23f8) thrown at [D:\re\workspace\8-2-build-windows-amd64-cygwin\jdk8u40\2855\hotspot\src\share\vm\runtime\sharedRuntime.cpp, line 605]
Event: 12.826 Thread 0x0000000017479800 Exception <a 'java/lang/ArrayIndexOutOfBoundsException'> (0x00000000eb8e83c0) thrown at [D:\re\workspace\8-2-build-windows-amd64-cygwin\jdk8u40\2855\hotspot\src\share\vm\runtime\sharedRuntime.cpp, line 605]

Events (10 events):
Event: 13.204 loading class org/codehaus/groovy/reflection/stdclasses/StringCachedClass
Event: 13.204 loading class org/codehaus/groovy/reflection/stdclasses/StringCachedClass done
Event: 13.205 loading class org/codehaus/groovy/reflection/stdclasses/NumberCachedClass
Event: 13.205 loading class org/codehaus/groovy/reflection/stdclasses/NumberCachedClass done
Event: 13.205 loading class org/codehaus/groovy/reflection/stdclasses/IntegerCachedClass
Event: 13.205 loading class org/codehaus/groovy/reflection/stdclasses/IntegerCachedClass done
Event: 13.206 loading class org/codehaus/groovy/reflection/stdclasses/DoubleCachedClass
Event: 13.206 loading class org/codehaus/groovy/reflection/stdclasses/DoubleCachedClass done
Event: 13.207 loading class org/codehaus/groovy/reflection/stdclasses/BigDecimalCachedClass
Event: 13.207 loading class org/codehaus/groovy/reflection/stdclasses/BigDecimalCachedClass done


Dynamic libraries:
0x00007ff7f6540000 - 0x00007ff7f6577000 	C:\Program Files\Java\jdk1.8.0_40\bin\java.exe
0x00007ffa7e430000 - 0x00007ffa7e5f1000 	C:\WINDOWS\SYSTEM32\ntdll.dll
0x00007ffa7be20000 - 0x00007ffa7becd000 	C:\WINDOWS\system32\KERNEL32.DLL
0x00007ffa7b120000 - 0x00007ffa7b2fd000 	C:\WINDOWS\system32\KERNELBASE.dll
0x00007ffa7dc10000 - 0x00007ffa7dcb6000 	C:\WINDOWS\system32\ADVAPI32.dll
0x00007ffa7bd80000 - 0x00007ffa7be1d000 	C:\WINDOWS\system32\msvcrt.dll
0x00007ffa7de20000 - 0x00007ffa7de7b000 	C:\WINDOWS\system32\sechost.dll
0x00007ffa7dee0000 - 0x00007ffa7e006000 	C:\WINDOWS\system32\RPCRT4.dll
0x00007ffa7d550000 - 0x00007ffa7d69e000 	C:\WINDOWS\system32\USER32.dll
0x00007ffa7da20000 - 0x00007ffa7dba6000 	C:\WINDOWS\system32\GDI32.dll
0x00007ffa75330000 - 0x00007ffa755a4000 	C:\WINDOWS\WinSxS\amd64_microsoft.windows.common-controls_6595b64144ccf1df_6.0.10240.16384_none_f41f7b285750ef43\COMCTL32.dll
0x00007ffa7dd30000 - 0x00007ffa7dd66000 	C:\WINDOWS\system32\IMM32.DLL
0x00007ffa7e020000 - 0x00007ffa7e17c000 	C:\WINDOWS\system32\MSCTF.dll
0x0000000064500000 - 0x00000000645d2000 	C:\Program Files\Java\jdk1.8.0_40\jre\bin\msvcr100.dll
0x0000000064a00000 - 0x0000000065283000 	C:\Program Files\Java\jdk1.8.0_40\jre\bin\server\jvm.dll
0x00007ffa7da10000 - 0x00007ffa7da18000 	C:\WINDOWS\system32\PSAPI.DLL
0x00007ffa794b0000 - 0x00007ffa794d3000 	C:\WINDOWS\SYSTEM32\WINMM.dll
0x00007ffa77830000 - 0x00007ffa7783a000 	C:\WINDOWS\SYSTEM32\VERSION.dll
0x00007ffa744d0000 - 0x00007ffa744d9000 	C:\WINDOWS\SYSTEM32\WSOCK32.dll
0x00007ffa7dcc0000 - 0x00007ffa7dd29000 	C:\WINDOWS\system32\WS2_32.dll
0x00007ffa79480000 - 0x00007ffa794ac000 	C:\WINDOWS\SYSTEM32\WINMMBASE.dll
0x00007ffa7e010000 - 0x00007ffa7e018000 	C:\WINDOWS\system32\NSI.dll
0x00007ffa7b010000 - 0x00007ffa7b054000 	C:\WINDOWS\system32\cfgmgr32.dll
0x00007ffa797d0000 - 0x00007ffa797f7000 	C:\WINDOWS\SYSTEM32\DEVOBJ.dll
0x0000000065e00000 - 0x0000000065e0f000 	C:\Program Files\Java\jdk1.8.0_40\jre\bin\verify.dll
0x0000000065dd0000 - 0x0000000065df9000 	C:\Program Files\Java\jdk1.8.0_40\jre\bin\java.dll
0x0000000064900000 - 0x0000000064916000 	C:\Program Files\Java\jdk1.8.0_40\jre\bin\zip.dll
0x00007ffa7bed0000 - 0x00007ffa7d3f2000 	C:\WINDOWS\system32\SHELL32.dll
0x00007ffa7b300000 - 0x00007ffa7b928000 	C:\WINDOWS\system32\windows.storage.dll
0x00007ffa7bb00000 - 0x00007ffa7bd7c000 	C:\WINDOWS\system32\combase.dll
0x00007ffa7d400000 - 0x00007ffa7d451000 	C:\WINDOWS\system32\shlwapi.dll
0x00007ffa7ae60000 - 0x00007ffa7ae6f000 	C:\WINDOWS\system32\kernel.appcore.dll
0x00007ffa7b060000 - 0x00007ffa7b113000 	C:\WINDOWS\system32\shcore.dll
0x00007ffa7ae70000 - 0x00007ffa7aeba000 	C:\WINDOWS\system32\powrprof.dll
0x00007ffa7aee0000 - 0x00007ffa7aef3000 	C:\WINDOWS\system32\profapi.dll
0x00000000648e0000 - 0x00000000648fa000 	C:\Program Files\Java\jdk1.8.0_40\jre\bin\net.dll
0x00007ffa7a6d0000 - 0x00007ffa7a72d000 	C:\WINDOWS\system32\mswsock.dll
0x00000000648c0000 - 0x00000000648d1000 	C:\Program Files\Java\jdk1.8.0_40\jre\bin\nio.dll
0x00007ffa65c10000 - 0x00007ffa65c22000 	C:\Users\lokalne\.gradle\native\19\windows-amd64\native-platform.dll
0x00007ffa784e0000 - 0x00007ffa78518000 	C:\WINDOWS\SYSTEM32\IPHLPAPI.DLL
0x00007ffa78410000 - 0x00007ffa7841b000 	C:\WINDOWS\SYSTEM32\WINNSI.DLL
0x00007ffa721a0000 - 0x00007ffa721b6000 	C:\WINDOWS\SYSTEM32\dhcpcsvc6.DLL
0x00007ffa723f0000 - 0x00007ffa7240a000 	C:\WINDOWS\SYSTEM32\dhcpcsvc.DLL
0x00007ffa7a730000 - 0x00007ffa7a747000 	C:\WINDOWS\SYSTEM32\CRYPTSP.dll
0x00007ffa7ad90000 - 0x00007ffa7adb8000 	C:\WINDOWS\SYSTEM32\bcrypt.dll
0x00007ffa7a380000 - 0x00007ffa7a3b3000 	C:\WINDOWS\system32\rsaenh.dll
0x00007ffa7a560000 - 0x00007ffa7a57f000 	C:\WINDOWS\SYSTEM32\USERENV.dll
0x00007ffa7ac80000 - 0x00007ffa7aceb000 	C:\WINDOWS\system32\bcryptprimitives.dll
0x00007ffa7a8a0000 - 0x00007ffa7a8ab000 	C:\WINDOWS\SYSTEM32\CRYPTBASE.dll
0x00007ffa593d0000 - 0x00007ffa5955a000 	C:\WINDOWS\SYSTEM32\dbghelp.dll

VM Arguments:
jvm_args: -XX:MaxPermSize=256m -XX:+HeapDumpOnOutOfMemoryError -Xmx1024m -Dfile.encoding=windows-1250 -Duser.country=US -Duser.language=en -Duser.variant 
java_command: org.gradle.launcher.daemon.bootstrap.GradleDaemon 2.4 C:\Users\lokalne\.gradle C:\Users\lokalne\.gradle\daemon 10800000 61cddd53-0cec-4b63-9271-0ce32bb0e313 -XX:MaxPermSize=256m -XX:+HeapDumpOnOutOfMemoryError -Xmx1024m -Dfile.encoding=windows-1250 -Duser.country=US -Duser.language=en -Duser.variant
java_class_path (initial): D:\Program Files\Android\Android Studio\gradle\gradle-2.4\lib\gradle-launcher-2.4.jar
Launcher Type: SUN_STANDARD

Environment Variables:
PATH=C:\ProgramData\Oracle\Java\javapath;C:\Program Files (x86)\Intel\iCLS Client\;C:\Program Files\Intel\iCLS Client\;C:\Windows\system32;C:\Windows;C:\Windows\System32\Wbem;C:\Windows\System32\WindowsPowerShell\v1.0\;C:\Python34;C:\Program Files\Intel\Intel(R) Management Engine Components\DAL;C:\Program Files (x86)\Intel\Intel(R) Management Engine Components\DAL;C:\Program Files\Intel\Intel(R) Management Engine Components\IPT;C:\Program Files (x86)\Intel\Intel(R) Management Engine Components\IPT;C:\Program Files\Lenovo\Bluetooth Software\;C:\Program Files\Lenovo\Bluetooth Software\syswow64;C:\adb;C:\Program Files (x86)\Microsoft SQL Server\100\Tools\Binn\;C:\Program Files\Microsoft SQL Server\100\Tools\Binn\;C:\Program Files\Microsoft SQL Server\100\DTS\Binn\;C:\AWRoot\bin\common;C:\AWRoot\bin\lib;C:\WINDOWS\system32;C:\WINDOWS;C:\WINDOWS\System32\Wbem;C:\WINDOWS\System32\WindowsPowerShell\v1.0\;C:\Program Files (x86)\Skype\Phone\;C:\Program Files (x86)\NVIDIA Corporation\PhysX\Common
USERNAME=lokalne
OS=Windows_NT
PROCESSOR_IDENTIFIER=Intel64 Family 6 Model 58 Stepping 9, GenuineIntel



---------------  S Y S T E M  ---------------

OS: Windows 10.0 , 64 bit Build 10240 (10.0.10240.16384)

CPU:total 4 (2 cores per cpu, 2 threads per core) family 6 model 58 stepping 9, cmov, cx8, fxsr, mmx, sse, sse2, sse3, ssse3, sse4.1, sse4.2, popcnt, avx, aes, clmul, erms, ht, tsc, tscinvbit, tscinv

Memory: 4k page, physical 4056852k(557444k free), swap 6104852k(752k free)

vm_info: Java HotSpot(TM) 64-Bit Server VM (25.40-b25) for windows-amd64 JRE (1.8.0_40-b25), built on Feb 10 2015 21:53:57 by "java_re" with MS VC++ 10.0 (VS2010)

time: Sun Oct 25 01:27:25 2015
elapsed time: 13 seconds (0d 0h 0m 13s)

