#
# There is insufficient memory for the Java Runtime Environment to continue.
# Native memory allocation (malloc) failed to allocate 1048576 bytes for AllocateHeap
# Possible reasons:
#   The system is out of physical RAM or swap space
#   In 32 bit mode, the process size limit was hit
# Possible solutions:
#   Reduce memory load on the system
#   Increase physical memory or swap space
#   Check if swap backing store is full
#   Use 64 bit Java on a 64 bit OS
#   Decrease Java heap size (-Xmx/-Xms)
#   Decrease number of Java threads
#   Decrease Java thread stack sizes (-Xss)
#   Set larger code cache with -XX:ReservedCodeCacheSize=
# This output file may be truncated or incomplete.
#
#  Out of Memory Error (memory/allocation.inline.hpp:61), pid=2888, tid=9520
#
# JRE version:  (8.0_40-b25) (build )
# Java VM: Java HotSpot(TM) 64-Bit Server VM (25.40-b25 mixed mode windows-amd64 compressed oops)
# Failed to write core dump. Minidumps are not enabled by default on client versions of Windows
#

---------------  T H R E A D  ---------------

Current thread (0x0000000002d5d800):  JavaThread "Unknown thread" [_thread_in_vm, id=9520, stack(0x0000000002de0000,0x0000000002ee0000)]

Stack: [0x0000000002de0000,0x0000000002ee0000]
[error occurred during error reporting (printing stack bounds), id 0xc0000005]

Native frames: (J=compiled Java code, j=interpreted, Vv=VM code, C=native code)
V  [jvm.dll+0x32b47a]
V  [jvm.dll+0x2797f3]
V  [jvm.dll+0x27a489]
V  [jvm.dll+0x29a974]
C  [KERNELBASE.dll+0x702ce]
C  [ntdll.dll+0x98992]
C  [ntdll.dll+0x83f66]
C  [ntdll.dll+0x9633d]
C  [ntdll.dll+0x13c00]
C  [ntdll.dll+0x9544a]
V  [jvm.dll+0x21bc71]


---------------  P R O C E S S  ---------------

Java Threads: ( => current thread )

Other Threads:

=>0x0000000002d5d800 (exited) JavaThread "Unknown thread" [_thread_in_vm, id=9520, stack(0x0000000002de0000,0x0000000002ee0000)]

VM state:not at safepoint (normal execution)

VM Mutex/Monitor currently owned by a thread: None

Heap:
 PSYoungGen      total 18432K, used 317K [0x00000000eab00000, 0x00000000ebf80000, 0x0000000100000000)
  eden space 15872K, 2% used [0x00000000eab00000,0x00000000eab4f5d0,0x00000000eba80000)
  from space 2560K, 0% used [0x00000000ebd00000,0x00000000ebd00000,0x00000000ebf80000)
  to   space 2560K, 0% used [0x00000000eba80000,0x00000000eba80000,0x00000000ebd00000)
 ParOldGen       total 42496K, used 0K [0x00000000c0000000, 0x00000000c2980000, 0x00000000eab00000)
  object space 42496K, 0% used [0x00000000c0000000,0x00000000c0000000,0x00000000c2980000)
 Metaspace       used 766K, capacity 4480K, committed 4480K, reserved 1056768K
  class space    used 75K, capacity 384K, committed 384K, reserved 1048576K

Card table byte_map: [0x00000000123a0000,0x00000000125b0000] byte_map_base: 0x0000000011da0000

Marking Bits: (ParMarkBitMap*) 0x0000000065164040
 Begin Bits: [0x0000000012b10000, 0x0000000013b10000)
 End Bits:   [0x0000000013b10000, 0x0000000014b10000)

Polling page: 0x0000000002cb0000

CodeCache: size=245760Kb used=328Kb max_used=328Kb free=245431Kb
 bounds [0x0000000002fe0000, 0x0000000003250000, 0x0000000011fe0000]
 total_blobs=57 nmethods=0 adapters=37
 compilation: enabled

Compilation events (0 events):
No events

GC Heap History (0 events):
No events

Deoptimization events (0 events):
No events

Internal exceptions (0 events):
No events

Events (10 events):
Event: 0.046 loading class java/lang/Short
Event: 0.046 loading class java/lang/Short done
Event: 0.046 loading class java/lang/Integer
Event: 0.047 loading class java/lang/Integer done
Event: 0.047 loading class java/lang/Long
Event: 0.047 loading class java/lang/Long done
Event: 0.047 loading class java/lang/NullPointerException
Event: 0.047 loading class java/lang/NullPointerException done
Event: 0.047 loading class java/lang/ArithmeticException
Event: 0.048 loading class java/lang/ArithmeticException done


Dynamic libraries:
0x00007ff7f6540000 - 0x00007ff7f6577000 	C:\Program Files\Java\jdk1.8.0_40\bin\java.exe
0x00007ffa7e430000 - 0x00007ffa7e5f1000 	C:\WINDOWS\SYSTEM32\ntdll.dll
0x00007ffa7be20000 - 0x00007ffa7becd000 	C:\WINDOWS\system32\KERNEL32.DLL
0x00007ffa7b120000 - 0x00007ffa7b2fd000 	C:\WINDOWS\system32\KERNELBASE.dll
0x00007ffa7dc10000 - 0x00007ffa7dcb6000 	C:\WINDOWS\system32\ADVAPI32.dll
0x00007ffa7bd80000 - 0x00007ffa7be1d000 	C:\WINDOWS\system32\msvcrt.dll
0x00007ffa7de20000 - 0x00007ffa7de7b000 	C:\WINDOWS\system32\sechost.dll
0x00007ffa7dee0000 - 0x00007ffa7e006000 	C:\WINDOWS\system32\RPCRT4.dll
0x00007ffa7d550000 - 0x00007ffa7d69e000 	C:\WINDOWS\system32\USER32.dll
0x00007ffa7da20000 - 0x00007ffa7dba6000 	C:\WINDOWS\system32\GDI32.dll
0x00007ffa75330000 - 0x00007ffa755a4000 	C:\WINDOWS\WinSxS\amd64_microsoft.windows.common-controls_6595b64144ccf1df_6.0.10240.16384_none_f41f7b285750ef43\COMCTL32.dll
0x00007ffa7dd30000 - 0x00007ffa7dd66000 	C:\WINDOWS\system32\IMM32.DLL
0x00007ffa7e020000 - 0x00007ffa7e17c000 	C:\WINDOWS\system32\MSCTF.dll
0x00000000644c0000 - 0x0000000064592000 	C:\Program Files\Java\jdk1.8.0_40\jre\bin\msvcr100.dll
0x0000000064960000 - 0x00000000651e3000 	C:\Program Files\Java\jdk1.8.0_40\jre\bin\server\jvm.dll
0x00007ffa7da10000 - 0x00007ffa7da18000 	C:\WINDOWS\system32\PSAPI.DLL
0x00007ffa744d0000 - 0x00007ffa744d9000 	C:\WINDOWS\SYSTEM32\WSOCK32.dll
0x00007ffa7dcc0000 - 0x00007ffa7dd29000 	C:\WINDOWS\system32\WS2_32.dll
0x00007ffa7e010000 - 0x00007ffa7e018000 	C:\WINDOWS\system32\NSI.dll
0x00007ffa794b0000 - 0x00007ffa794d3000 	C:\WINDOWS\SYSTEM32\WINMM.dll
0x00007ffa77830000 - 0x00007ffa7783a000 	C:\WINDOWS\SYSTEM32\VERSION.dll
0x00007ffa79480000 - 0x00007ffa794ac000 	C:\WINDOWS\SYSTEM32\WINMMBASE.dll
0x00007ffa7b010000 - 0x00007ffa7b054000 	C:\WINDOWS\system32\cfgmgr32.dll
0x00007ffa797d0000 - 0x00007ffa797f7000 	C:\WINDOWS\SYSTEM32\DEVOBJ.dll
0x0000000065e00000 - 0x0000000065e0f000 	C:\Program Files\Java\jdk1.8.0_40\jre\bin\verify.dll
0x0000000065dd0000 - 0x0000000065df9000 	C:\Program Files\Java\jdk1.8.0_40\jre\bin\java.dll
0x0000000065520000 - 0x0000000065536000 	C:\Program Files\Java\jdk1.8.0_40\jre\bin\zip.dll
0x00007ffa593d0000 - 0x00007ffa5955a000 	C:\WINDOWS\SYSTEM32\dbghelp.dll

VM Arguments:
jvm_args: -Xmx1024M -Dfile.encoding=windows-1250 -Duser.country=US -Duser.language=en -Duser.variant 
java_command: com.android.dx.command.Main --dex --num-threads=4 --output C:\Users\lokalne\AndroidStudioProjects\AGHACK\app\build\intermediates\pre-dexed\debug\classes-562337dd02b275b10f769d1481de1929e293031f.jar C:\Users\lokalne\AndroidStudioProjects\AGHACK\app\build\intermediates\exploded-aar\com.google.android.gms\play-services-cast\7.8.0\jars\classes.jar
java_class_path (initial): D:\Users\Dominik\AppData\Local\Android\sdk\build-tools\23.0.1\lib\dx.jar
Launcher Type: SUN_STANDARD

Environment Variables:
PATH=C:\ProgramData\Oracle\Java\javapath;C:\Program Files (x86)\Intel\iCLS Client\;C:\Program Files\Intel\iCLS Client\;C:\Windows\system32;C:\Windows;C:\Windows\System32\Wbem;C:\Windows\System32\WindowsPowerShell\v1.0\;C:\Python34;C:\Program Files\Intel\Intel(R) Management Engine Components\DAL;C:\Program Files (x86)\Intel\Intel(R) Management Engine Components\DAL;C:\Program Files\Intel\Intel(R) Management Engine Components\IPT;C:\Program Files (x86)\Intel\Intel(R) Management Engine Components\IPT;C:\Program Files\Lenovo\Bluetooth Software\;C:\Program Files\Lenovo\Bluetooth Software\syswow64;C:\adb;C:\Program Files (x86)\Microsoft SQL Server\100\Tools\Binn\;C:\Program Files\Microsoft SQL Server\100\Tools\Binn\;C:\Program Files\Microsoft SQL Server\100\DTS\Binn\;C:\AWRoot\bin\common;C:\AWRoot\bin\lib;C:\WINDOWS\system32;C:\WINDOWS;C:\WINDOWS\System32\Wbem;C:\WINDOWS\System32\WindowsPowerShell\v1.0\;C:\Program Files (x86)\Skype\Phone\;C:\Program Files (x86)\NVIDIA Corporation\PhysX\Common
USERNAME=lokalne
OS=Windows_NT
PROCESSOR_IDENTIFIER=Intel64 Family 6 Model 58 Stepping 9, GenuineIntel



---------------  S Y S T E M  ---------------

OS: Windows 10.0 , 64 bit Build 10240 (10.0.10240.16384)

CPU:total 4 (2 cores per cpu, 2 threads per core) family 6 model 58 stepping 9, cmov, cx8, fxsr, mmx, sse, sse2, sse3, ssse3, sse4.1, sse4.2, popcnt, avx, aes, clmul, erms, ht, tsc, tscinvbit, tscinv

Memory: 4k page, physical 4056852k(553860k free), swap 6104852k(37648k free)

vm_info: Java HotSpot(TM) 64-Bit Server VM (25.40-b25) for windows-amd64 JRE (1.8.0_40-b25), built on Feb 10 2015 21:53:57 by "java_re" with MS VC++ 10.0 (VS2010)

time: Sun Oct 25 02:11:15 2015
elapsed time: 0 seconds (0d 0h 0m 0s)

