#
# There is insufficient memory for the Java Runtime Environment to continue.
# Native memory allocation (malloc) failed to allocate 105424 bytes for Chunk::new
# Possible reasons:
#   The system is out of physical RAM or swap space
#   In 32 bit mode, the process size limit was hit
# Possible solutions:
#   Reduce memory load on the system
#   Increase physical memory or swap space
#   Check if swap backing store is full
#   Use 64 bit Java on a 64 bit OS
#   Decrease Java heap size (-Xmx/-Xms)
#   Decrease number of Java threads
#   Decrease Java thread stack sizes (-Xss)
#   Set larger code cache with -XX:ReservedCodeCacheSize=
# This output file may be truncated or incomplete.
#
#  Out of Memory Error (allocation.cpp:390), pid=5420, tid=6596
#
# JRE version: Java(TM) SE Runtime Environment (8.0_40-b25) (build 1.8.0_40-b25)
# Java VM: Java HotSpot(TM) 64-Bit Server VM (25.40-b25 mixed mode windows-amd64 compressed oops)
# Failed to write core dump. Minidumps are not enabled by default on client versions of Windows
#

---------------  T H R E A D  ---------------

Current thread (0x00000000155dc800):  JavaThread "C2 CompilerThread1" daemon [_thread_in_native, id=6596, stack(0x0000000016c30000,0x0000000016d30000)]

Stack: [0x0000000016c30000,0x0000000016d30000]
[error occurred during error reporting (printing stack bounds), id 0xc0000005]

Native frames: (J=compiled Java code, j=interpreted, Vv=VM code, C=native code)
V  [jvm.dll+0x32b47a]


Current CompileTask:
C2:   1661  634       4       java.util.HashMap::get (23 bytes)


---------------  P R O C E S S  ---------------

Java Threads: ( => current thread )
  0x0000000016f8a800 JavaThread "pool-1-thread-4" [_thread_in_Java, id=10172, stack(0x0000000017830000,0x0000000017930000)]
  0x0000000016f8a000 JavaThread "pool-1-thread-3" [_thread_in_Java, id=1256, stack(0x0000000017730000,0x0000000017830000)]
  0x0000000016f86000 JavaThread "pool-1-thread-2" [_thread_in_Java, id=2780, stack(0x0000000017630000,0x0000000017730000)]
  0x0000000016f81800 JavaThread "pool-2-thread-1" [_thread_blocked, id=7636, stack(0x0000000017530000,0x0000000017630000)]
  0x0000000016f80800 JavaThread "pool-1-thread-1" [_thread_blocked, id=3244, stack(0x0000000017430000,0x0000000017530000)]
  0x0000000016e35800 JavaThread "Service Thread" daemon [_thread_blocked, id=5932, stack(0x0000000017230000,0x0000000017330000)]
  0x000000001563b000 JavaThread "C1 CompilerThread2" daemon [_thread_in_native, id=6788, stack(0x0000000016d30000,0x0000000016e30000)]
=>0x00000000155dc800 JavaThread "C2 CompilerThread1" daemon [_thread_in_native, id=6596, stack(0x0000000016c30000,0x0000000016d30000)]
  0x00000000155da800 JavaThread "C2 CompilerThread0" daemon [_thread_in_native, id=7280, stack(0x0000000016b30000,0x0000000016c30000)]
  0x00000000155e9000 JavaThread "Attach Listener" daemon [_thread_blocked, id=9484, stack(0x0000000016a30000,0x0000000016b30000)]
  0x00000000155e7800 JavaThread "Signal Dispatcher" daemon [_thread_blocked, id=6388, stack(0x0000000016930000,0x0000000016a30000)]
  0x0000000002f06800 JavaThread "Finalizer" daemon [_thread_blocked, id=9404, stack(0x0000000016830000,0x0000000016930000)]
  0x0000000002efd800 JavaThread "Reference Handler" daemon [_thread_blocked, id=8964, stack(0x0000000016730000,0x0000000016830000)]
  0x0000000002b7d800 JavaThread "main" [_thread_in_Java, id=2836, stack(0x0000000002c10000,0x0000000002d10000)]

Other Threads:
  0x00000000155a8000 VMThread [stack: 0x0000000016630000,0x0000000016730000] [id=2600]
  0x0000000016e37000 WatcherThread [stack: 0x0000000017330000,0x0000000017430000] [id=4716]

VM state:not at safepoint (normal execution)

VM Mutex/Monitor currently owned by a thread: None

Heap:
 PSYoungGen      total 18432K, used 11731K [0x00000000eab00000, 0x00000000ebf80000, 0x0000000100000000)
  eden space 15872K, 73% used [0x00000000eab00000,0x00000000eb674ff0,0x00000000eba80000)
  from space 2560K, 0% used [0x00000000ebd00000,0x00000000ebd00000,0x00000000ebf80000)
  to   space 2560K, 0% used [0x00000000eba80000,0x00000000eba80000,0x00000000ebd00000)
 ParOldGen       total 42496K, used 0K [0x00000000c0000000, 0x00000000c2980000, 0x00000000eab00000)
  object space 42496K, 0% used [0x00000000c0000000,0x00000000c0000000,0x00000000c2980000)
 Metaspace       used 5438K, capacity 6576K, committed 6784K, reserved 1056768K
  class space    used 577K, capacity 616K, committed 640K, reserved 1048576K

Card table byte_map: [0x00000000122d0000,0x00000000124e0000] byte_map_base: 0x0000000011cd0000

Marking Bits: (ParMarkBitMap*) 0x0000000065164040
 Begin Bits: [0x0000000012a40000, 0x0000000013a40000)
 End Bits:   [0x0000000013a40000, 0x0000000014a40000)

Polling page: 0x0000000002b50000

CodeCache: size=245760Kb used=2503Kb max_used=2509Kb free=243256Kb
 bounds [0x0000000002f10000, 0x0000000003190000, 0x0000000011f10000]
 total_blobs=890 nmethods=620 adapters=182
 compilation: enabled

Compilation events (10 events):
Event: 1.651 Thread 0x00000000155da800 nmethod 625 0x000000000317a190 code [0x000000000317a2e0, 0x000000000317a5f8]
Event: 1.652 Thread 0x00000000155dc800 nmethod 628 0x0000000003179ad0 code [0x0000000003179c20, 0x0000000003179f98]
Event: 1.653 Thread 0x00000000155da800  630       4       java.util.BitSet::get (69 bytes)
Event: 1.654 Thread 0x00000000155dc800  634       4       java.util.HashMap::get (23 bytes)
Event: 1.654 Thread 0x00000000155da800 nmethod 630 0x0000000003179810 code [0x0000000003179940, 0x0000000003179a18]
Event: 1.654 Thread 0x00000000155da800  635       4       java.util.ArrayList::rangeCheck (22 bytes)
Event: 1.654 Thread 0x00000000155da800 nmethod 635 0x00000000031795d0 code [0x0000000003179700, 0x0000000003179778]
Event: 1.654 Thread 0x00000000155da800  636       4       java.util.BitSet::set (58 bytes)
Event: 1.656 Thread 0x00000000155da800 nmethod 636 0x0000000003179190 code [0x00000000031792e0, 0x0000000003179468]
Event: 1.659 Thread 0x00000000155da800  639       4       java.util.ArrayList::ensureCapacityInternal (23 bytes)

GC Heap History (0 events):
No events

Deoptimization events (1 events):
Event: 1.635 Thread 0x0000000016f86000 Uncommon trap: reason=unstable_if action=reinterpret pc=0x00000000030ffdbc method=java.util.HashMap.getNode(ILjava/lang/Object;)Ljava/util/HashMap$Node; @ 62

Internal exceptions (2 events):
Event: 0.049 Thread 0x0000000002b7d800 Exception <a 'java/lang/NoSuchMethodError': Method sun.misc.Unsafe.defineClass(Ljava/lang/String;[BII)Ljava/lang/Class; name or signature does not match> (0x00000000eab12ec0) thrown at [D:\re\workspace\8-2-build-windows-amd64-cygwin\jdk8u40\2855\hotspot\srñ'’ùí*©?
Event: 0.049 Thread 0x0000000002b7d800 Exception <a 'java/lang/NoSuchMethodError': Method sun.misc.Unsafe.prefetchRead(Ljava/lang/Object;J)V name or signature does not match> (0x00000000eab13150) thrown at [D:\re\workspace\8-2-build-windows-amd64-cygwin\jdk8u40\2855\hotspot\src\share\vm\prims\j

Events (10 events):
Event: 1.618 loading class java/util/DualPivotQuicksort done
Event: 1.633 loading class com/android/dx/cf/code/Ropper$ExceptionHandlerSetup
Event: 1.633 loading class com/android/dx/cf/code/Ropper$ExceptionHandlerSetup done
Event: 1.635 Thread 0x0000000016f86000 Uncommon trap: trap_request=0xffffff65 fr.pc=0x00000000030ffdbc
Event: 1.635 Thread 0x0000000016f86000 DEOPT PACKING pc=0x00000000030ffdbc sp=0x000000001772dff0
Event: 1.635 Thread 0x0000000016f86000 DEOPT UNPACKING pc=0x0000000002f5582a sp=0x000000001772df68 mode 2
Event: 1.635 loading class java/util/HashMap$Values
Event: 1.635 loading class java/util/HashMap$Values done
Event: 1.635 loading class java/util/HashMap$ValueIterator
Event: 1.635 loading class java/util/HashMap$ValueIterator done


Dynamic libraries:
0x00007ff7f6540000 - 0x00007ff7f6577000 	C:\Program Files\Java\jdk1.8.0_40\bin\java.exe
0x00007ffa7e430000 - 0x00007ffa7e5f1000 	C:\WINDOWS\SYSTEM32\ntdll.dll
0x00007ffa7be20000 - 0x00007ffa7becd000 	C:\WINDOWS\system32\KERNEL32.DLL
0x00007ffa7b120000 - 0x00007ffa7b2fd000 	C:\WINDOWS\system32\KERNELBASE.dll
0x00007ffa7dc10000 - 0x00007ffa7dcb6000 	C:\WINDOWS\system32\ADVAPI32.dll
0x00007ffa7bd80000 - 0x00007ffa7be1d000 	C:\WINDOWS\system32\msvcrt.dll
0x00007ffa7de20000 - 0x00007ffa7de7b000 	C:\WINDOWS\system32\sechost.dll
0x00007ffa7dee0000 - 0x00007ffa7e006000 	C:\WINDOWS\system32\RPCRT4.dll
0x00007ffa7d550000 - 0x00007ffa7d69e000 	C:\WINDOWS\system32\USER32.dll
0x00007ffa7da20000 - 0x00007ffa7dba6000 	C:\WINDOWS\system32\GDI32.dll
0x00007ffa75330000 - 0x00007ffa755a4000 	C:\WINDOWS\WinSxS\amd64_microsoft.windows.common-controls_6595b64144ccf1df_6.0.10240.16384_none_f41f7b285750ef43\COMCTL32.dll
0x00007ffa7dd30000 - 0x00007ffa7dd66000 	C:\WINDOWS\system32\IMM32.DLL
0x00007ffa7e020000 - 0x00007ffa7e17c000 	C:\WINDOWS\system32\MSCTF.dll
0x00000000644c0000 - 0x0000000064592000 	C:\Program Files\Java\jdk1.8.0_40\jre\bin\msvcr100.dll
0x0000000064960000 - 0x00000000651e3000 	C:\Program Files\Java\jdk1.8.0_40\jre\bin\server\jvm.dll
0x00007ffa7da10000 - 0x00007ffa7da18000 	C:\WINDOWS\system32\PSAPI.DLL
0x00007ffa744d0000 - 0x00007ffa744d9000 	C:\WINDOWS\SYSTEM32\WSOCK32.dll
0x00007ffa7dcc0000 - 0x00007ffa7dd29000 	C:\WINDOWS\system32\WS2_32.dll
0x00007ffa7e010000 - 0x00007ffa7e018000 	C:\WINDOWS\system32\NSI.dll
0x00007ffa794b0000 - 0x00007ffa794d3000 	C:\WINDOWS\SYSTEM32\WINMM.dll
0x00007ffa77830000 - 0x00007ffa7783a000 	C:\WINDOWS\SYSTEM32\VERSION.dll
0x00007ffa79480000 - 0x00007ffa794ac000 	C:\WINDOWS\SYSTEM32\WINMMBASE.dll
0x00007ffa7b010000 - 0x00007ffa7b054000 	C:\WINDOWS\system32\cfgmgr32.dll
0x00007ffa797d0000 - 0x00007ffa797f7000 	C:\WINDOWS\SYSTEM32\DEVOBJ.dll
0x0000000065e00000 - 0x0000000065e0f000 	C:\Program Files\Java\jdk1.8.0_40\jre\bin\verify.dll
0x0000000065dd0000 - 0x0000000065df9000 	C:\Program Files\Java\jdk1.8.0_40\jre\bin\java.dll
0x0000000065520000 - 0x0000000065536000 	C:\Program Files\Java\jdk1.8.0_40\jre\bin\zip.dll
0x00007ffa7bed0000 - 0x00007ffa7d3f2000 	C:\WINDOWS\system32\SHELL32.dll
0x00007ffa7b300000 - 0x00007ffa7b928000 	C:\WINDOWS\system32\windows.storage.dll
0x00007ffa7bb00000 - 0x00007ffa7bd7c000 	C:\WINDOWS\system32\combase.dll
0x00007ffa7d400000 - 0x00007ffa7d451000 	C:\WINDOWS\system32\shlwapi.dll
0x00007ffa7ae60000 - 0x00007ffa7ae6f000 	C:\WINDOWS\system32\kernel.appcore.dll
0x00007ffa7b060000 - 0x00007ffa7b113000 	C:\WINDOWS\system32\shcore.dll
0x00007ffa7ae70000 - 0x00007ffa7aeba000 	C:\WINDOWS\system32\powrprof.dll
0x00007ffa7aee0000 - 0x00007ffa7aef3000 	C:\WINDOWS\system32\profapi.dll

VM Arguments:
jvm_args: -Xmx1024M -Dfile.encoding=windows-1250 -Duser.country=US -Duser.language=en -Duser.variant 
java_command: com.android.dx.command.Main --dex --num-threads=4 --output C:\Users\lokalne\AndroidStudioProjects\AGHACK\app\build\intermediates\pre-dexed\debug\classes-ba129e584285a2c1808cd1647f0b95fbf4fcbb8a.jar C:\Users\lokalne\AndroidStudioProjects\AGHACK\app\build\intermediates\exploded-aar\com.google.android.gms\play-services-safetynet\7.8.0\jars\classes.jar
java_class_path (initial): D:\Users\Dominik\AppData\Local\Android\sdk\build-tools\23.0.1\lib\dx.jar
Launcher Type: SUN_STANDARD

Environment Variables:
PATH=C:\ProgramData\Oracle\Java\javapath;C:\Program Files (x86)\Intel\iCLS Client\;C:\Program Files\Intel\iCLS Client\;C:\Windows\system32;C:\Windows;C:\Windows\System32\Wbem;C:\Windows\System32\WindowsPowerShell\v1.0\;C:\Python34;C:\Program Files\Intel\Intel(R) Management Engine Components\DAL;C:\Program Files (x86)\Intel\Intel(R) Management Engine Components\DAL;C:\Program Files\Intel\Intel(R) Management Engine Components\IPT;C:\Program Files (x86)\Intel\Intel(R) Management Engine Components\IPT;C:\Program Files\Lenovo\Bluetooth Software\;C:\Program Files\Lenovo\Bluetooth Software\syswow64;C:\adb;C:\Program Files (x86)\Microsoft SQL Server\100\Tools\Binn\;C:\Program Files\Microsoft SQL Server\100\Tools\Binn\;C:\Program Files\Microsoft SQL Server\100\DTS\Binn\;C:\AWRoot\bin\common;C:\AWRoot\bin\lib;C:\WINDOWS\system32;C:\WINDOWS;C:\WINDOWS\System32\Wbem;C:\WINDOWS\System32\WindowsPowerShell\v1.0\;C:\Program Files (x86)\Skype\Phone\;C:\Program Files (x86)\NVIDIA Corporation\PhysX\Common
USERNAME=lokalne
OS=Windows_NT
PROCESSOR_IDENTIFIER=Intel64 Family 6 Model 58 Stepping 9, GenuineIntel



---------------  S Y S T E M  ---------------

OS: Windows 10.0 , 64 bit Build 10240 (10.0.10240.16384)

CPU:total 4 (2 cores per cpu, 2 threads per core) family 6 model 58 stepping 9, cmov, cx8, fxsr, mmx, sse, sse2, sse3, ssse3, sse4.1, sse4.2, popcnt, avx, aes, clmul, erms, ht, tsc, tscinvbit, tscinv

Memory: 4k page, physical 4056852k(484272k free), swap 6104852k(5224k free)

vm_info: Java HotSpot(TM) 64-Bit Server VM (25.40-b25) for windows-amd64 JRE (1.8.0_40-b25), built on Feb 10 2015 21:53:57 by "java_re" with MS VC++ 10.0 (VS2010)

time: Sun Oct 25 02:11:17 2015
elapsed time: 1 seconds (0d 0h 0m 1s)

