#
# There is insufficient memory for the Java Runtime Environment to continue.
# Native memory allocation (malloc) failed to allocate 274640 bytes for Chunk::new
# Possible reasons:
#   The system is out of physical RAM or swap space
#   In 32 bit mode, the process size limit was hit
# Possible solutions:
#   Reduce memory load on the system
#   Increase physical memory or swap space
#   Check if swap backing store is full
#   Use 64 bit Java on a 64 bit OS
#   Decrease Java heap size (-Xmx/-Xms)
#   Decrease number of Java threads
#   Decrease Java thread stack sizes (-Xss)
#   Set larger code cache with -XX:ReservedCodeCacheSize=
# This output file may be truncated or incomplete.
#
#  Out of Memory Error (allocation.cpp:390), pid=8268, tid=7844
#
# JRE version: Java(TM) SE Runtime Environment (8.0_40-b25) (build 1.8.0_40-b25)
# Java VM: Java HotSpot(TM) 64-Bit Server VM (25.40-b25 mixed mode windows-amd64 compressed oops)
# Failed to write core dump. Minidumps are not enabled by default on client versions of Windows
#

---------------  T H R E A D  ---------------

Current thread (0x0000000014881000):  JavaThread "C2 CompilerThread1" daemon [_thread_in_native, id=7844, stack(0x0000000015e90000,0x0000000015f90000)]

Stack: [0x0000000015e90000,0x0000000015f90000]
[error occurred during error reporting (printing stack bounds), id 0xc0000005]

Native frames: (J=compiled Java code, j=interpreted, Vv=VM code, C=native code)
V  [jvm.dll+0x32b47a]


Current CompileTask:
C2:   1871 1018       4       com.android.dx.ssa.SsaMethod::computeReachability (131 bytes)


---------------  P R O C E S S  ---------------

Java Threads: ( => current thread )
  0x00000000161f3800 JavaThread "pool-1-thread-4" [_thread_in_Java, id=2852, stack(0x0000000016a90000,0x0000000016b90000)]
  0x00000000161ec000 JavaThread "pool-1-thread-3" [_thread_in_Java, id=5340, stack(0x0000000016990000,0x0000000016a90000)]
  0x00000000161eb800 JavaThread "pool-1-thread-2" [_thread_in_Java, id=8864, stack(0x0000000016890000,0x0000000016990000)]
  0x00000000161e8800 JavaThread "pool-2-thread-1" [_thread_blocked, id=3624, stack(0x0000000016790000,0x0000000016890000)]
  0x00000000161e6000 JavaThread "pool-1-thread-1" [_thread_in_Java, id=9468, stack(0x0000000016690000,0x0000000016790000)]
  0x000000001488c800 JavaThread "Service Thread" daemon [_thread_blocked, id=9840, stack(0x0000000016490000,0x0000000016590000)]
  0x0000000014887800 JavaThread "C1 CompilerThread2" daemon [_thread_in_vm, id=4228, stack(0x0000000016390000,0x0000000016490000)]
=>0x0000000014881000 JavaThread "C2 CompilerThread1" daemon [_thread_in_native, id=7844, stack(0x0000000015e90000,0x0000000015f90000)]
  0x0000000014831000 JavaThread "C2 CompilerThread0" daemon [_thread_in_native, id=8536, stack(0x0000000015d90000,0x0000000015e90000)]
  0x000000001482e000 JavaThread "Attach Listener" daemon [_thread_blocked, id=8704, stack(0x0000000015c90000,0x0000000015d90000)]
  0x000000001482d000 JavaThread "Signal Dispatcher" daemon [_thread_blocked, id=1788, stack(0x0000000015b90000,0x0000000015c90000)]
  0x0000000002151800 JavaThread "Finalizer" daemon [_thread_blocked, id=3540, stack(0x0000000015a90000,0x0000000015b90000)]
  0x000000000214e800 JavaThread "Reference Handler" daemon [_thread_blocked, id=5540, stack(0x0000000015990000,0x0000000015a90000)]
  0x000000000074d800 JavaThread "main" [_thread_in_vm, id=876, stack(0x0000000001f30000,0x0000000002030000)]

Other Threads:
  0x00000000147f7000 VMThread [stack: 0x0000000015890000,0x0000000015990000] [id=4132]
  0x000000001488e000 WatcherThread [stack: 0x0000000016590000,0x0000000016690000] [id=8208]

VM state:not at safepoint (normal execution)

VM Mutex/Monitor currently owned by a thread: None

Heap:
 PSYoungGen      total 18432K, used 10685K [0x00000000eab00000, 0x00000000ebf80000, 0x0000000100000000)
  eden space 15872K, 51% used [0x00000000eab00000,0x00000000eb2f5a78,0x00000000eba80000)
  from space 2560K, 99% used [0x00000000eba80000,0x00000000ebcf9c68,0x00000000ebd00000)
  to   space 2560K, 0% used [0x00000000ebd00000,0x00000000ebd00000,0x00000000ebf80000)
 ParOldGen       total 42496K, used 1423K [0x00000000c0000000, 0x00000000c2980000, 0x00000000eab00000)
  object space 42496K, 3% used [0x00000000c0000000,0x00000000c0163ed0,0x00000000c2980000)
 Metaspace       used 5712K, capacity 6768K, committed 7040K, reserved 1056768K
  class space    used 576K, capacity 616K, committed 640K, reserved 1048576K

Card table byte_map: [0x0000000011520000,0x0000000011730000] byte_map_base: 0x0000000010f20000

Marking Bits: (ParMarkBitMap*) 0x0000000065164040
 Begin Bits: [0x0000000011c90000, 0x0000000012c90000)
 End Bits:   [0x0000000012c90000, 0x0000000013c90000)

Polling page: 0x0000000000750000

CodeCache: size=245760Kb used=4099Kb max_used=4099Kb free=241660Kb
 bounds [0x0000000002160000, 0x0000000002570000, 0x0000000011160000]
 total_blobs=1314 nmethods=1045 adapters=182
 compilation: enabled

Compilation events (10 events):
Event: 1.868 Thread 0x0000000014887800 nmethod 1040 0x000000000255c9d0 code [0x000000000255cbe0, 0x000000000255d6d8]
Event: 1.868 Thread 0x0000000014887800 1041       3       com.android.dx.ssa.SsaInsn::getLocalAssignment (24 bytes)
Event: 1.868 Thread 0x0000000014887800 nmethod 1041 0x000000000255dc90 code [0x000000000255de00, 0x000000000255e090]
Event: 1.868 Thread 0x0000000014887800 1049       3       com.android.dx.ssa.PhiInsn::hasSideEffect (19 bytes)
Event: 1.869 Thread 0x0000000014887800 nmethod 1049 0x000000000255e150 code [0x000000000255e2c0, 0x000000000255e710]
Event: 1.869 Thread 0x0000000014887800 1046       3       com.android.dx.rop.code.RegisterSpec::getBasicFrameType (10 bytes)
Event: 1.869 Thread 0x0000000014887800 nmethod 1046 0x0000000002561690 code [0x0000000002561800, 0x0000000002561a28]
Event: 1.869 Thread 0x0000000014887800 1047       3       com.android.dx.rop.type.StdTypeList::set (7 bytes)
Event: 1.869 Thread 0x0000000014831000 nmethod 1023 0x0000000002561ad0 code [0x0000000002561c20, 0x0000000002561e98]
Event: 1.869 Thread 0x0000000014831000 1051       4       com.android.dx.ssa.SsaMethod::forEachInsn (36 bytes)

GC Heap History (2 events):
Event: 1.722 GC heap before
{Heap before GC invocations=1 (full 0):
 PSYoungGen      total 18432K, used 15872K [0x00000000eab00000, 0x00000000ebf80000, 0x0000000100000000)
  eden space 15872K, 100% used [0x00000000eab00000,0x00000000eba80000,0x00000000eba80000)
  from space 2560K, 0% used [0x00000000ebd00000,0x00000000ebd00000,0x00000000ebf80000)
  to   space 2560K, 0% used [0x00000000eba80000,0x00000000eba80000,0x00000000ebd00000)
 ParOldGen       total 42496K, used 0K [0x00000000c0000000, 0x00000000c2980000, 0x00000000eab00000)
  object space 42496K, 0% used [0x00000000c0000000,0x00000000c0000000,0x00000000c2980000)
 Metaspace       used 5583K, capacity 6704K, committed 6784K, reserved 1056768K
  class space    used 576K, capacity 616K, committed 640K, reserved 1048576K
Event: 1.727 GC heap after
Heap after GC invocations=1 (full 0):
 PSYoungGen      total 18432K, used 2535K [0x00000000eab00000, 0x00000000ebf80000, 0x0000000100000000)
  eden space 15872K, 0% used [0x00000000eab00000,0x00000000eab00000,0x00000000eba80000)
  from space 2560K, 99% used [0x00000000eba80000,0x00000000ebcf9c68,0x00000000ebd00000)
  to   space 2560K, 0% used [0x00000000ebd00000,0x00000000ebd00000,0x00000000ebf80000)
 ParOldGen       total 42496K, used 1423K [0x00000000c0000000, 0x00000000c2980000, 0x00000000eab00000)
  object space 42496K, 3% used [0x00000000c0000000,0x00000000c0163ed0,0x00000000c2980000)
 Metaspace       used 5583K, capacity 6704K, committed 6784K, reserved 1056768K
  class space    used 576K, capacity 616K, committed 640K, reserved 1048576K
}

Deoptimization events (6 events):
Event: 1.444 Thread 0x00000000161ec000 Uncommon trap: reason=unstable_if action=reinterpret pc=0x00000000023971f0 method=java.util.BitSet.nextSetBit(I)I @ 87
Event: 1.759 Thread 0x00000000161e6000 Uncommon trap: reason=unstable_if action=reinterpret pc=0x00000000024545d0 method=com.android.dx.ssa.NormalSsaInsn.getLocalAssignment()Lcom/android/dx/rop/code/RegisterSpec; @ 12
Event: 1.759 Thread 0x00000000161e6000 Uncommon trap: reason=unstable_if action=reinterpret pc=0x0000000002436f28 method=com.android.dx.ssa.NormalSsaInsn.getLocalAssignment()Lcom/android/dx/rop/code/RegisterSpec; @ 12
Event: 1.763 Thread 0x00000000161eb800 Uncommon trap: reason=unstable_if action=reinterpret pc=0x00000000024a7230 method=com.android.dx.ssa.NormalSsaInsn.getLocalAssignment()Lcom/android/dx/rop/code/RegisterSpec; @ 12
Event: 1.860 Thread 0x000000000074d800 Uncommon trap: reason=unstable_if action=reinterpret pc=0x00000000024e63ec method=com.android.dx.rop.code.RegisterSpecSet.put(Lcom/android/dx/rop/code/RegisterSpec;)V @ 77
Event: 1.860 Thread 0x000000000074d800 Uncommon trap: reason=unstable_if action=reinterpret pc=0x000000000253acac method=com.android.dx.rop.code.RegisterSpecSet.put(Lcom/android/dx/rop/code/RegisterSpec;)V @ 77

Internal exceptions (2 events):
Event: 0.066 Thread 0x000000000074d800 Exception <a 'java/lang/NoSuchMethodError': Method sun.misc.Unsafe.defineClass(Ljava/lang/String;[BII)Ljava/lang/Class; name or signature does not match> (0x00000000eab12f28) thrown at [D:\re\workspace\8-2-build-windows-amd64-cygwin\jdk8u40\2855\hotspot\sr<yޞ:
Event: 0.066 Thread 0x000000000074d800 Exception <a 'java/lang/NoSuchMethodError': Method sun.misc.Unsafe.prefetchRead(Ljava/lang/Object;J)V name or signature does not match> (0x00000000eab131b8) thrown at [D:\re\workspace\8-2-build-windows-amd64-cygwin\jdk8u40\2855\hotspot\src\share\vm\prims\j

Events (10 events):
Event: 1.759 Thread 0x00000000161e6000 DEOPT UNPACKING pc=0x00000000021a582a sp=0x000000001678e690 mode 2
Event: 1.763 Thread 0x00000000161eb800 Uncommon trap: trap_request=0xffffff65 fr.pc=0x00000000024a7230
Event: 1.763 Thread 0x00000000161eb800 DEOPT PACKING pc=0x00000000024a7230 sp=0x000000001698e5d0
Event: 1.763 Thread 0x00000000161eb800 DEOPT UNPACKING pc=0x00000000021a582a sp=0x000000001698e558 mode 2
Event: 1.860 Thread 0x000000000074d800 Uncommon trap: trap_request=0xffffff65 fr.pc=0x00000000024e63ec
Event: 1.860 Thread 0x000000000074d800 DEOPT PACKING pc=0x00000000024e63ec sp=0x000000000202e4b0
Event: 1.860 Thread 0x000000000074d800 DEOPT UNPACKING pc=0x00000000021a582a sp=0x000000000202e438 mode 2
Event: 1.860 Thread 0x000000000074d800 Uncommon trap: trap_request=0xffffff65 fr.pc=0x000000000253acac
Event: 1.860 Thread 0x000000000074d800 DEOPT PACKING pc=0x000000000253acac sp=0x000000000202e4a0
Event: 1.860 Thread 0x000000000074d800 DEOPT UNPACKING pc=0x00000000021a582a sp=0x000000000202e3c0 mode 2


Dynamic libraries:
0x00007ff7f6540000 - 0x00007ff7f6577000 	C:\Program Files\Java\jdk1.8.0_40\bin\java.exe
0x00007ffa7e430000 - 0x00007ffa7e5f1000 	C:\WINDOWS\SYSTEM32\ntdll.dll
0x00007ffa7be20000 - 0x00007ffa7becd000 	C:\WINDOWS\system32\KERNEL32.DLL
0x00007ffa7b120000 - 0x00007ffa7b2fd000 	C:\WINDOWS\system32\KERNELBASE.dll
0x00007ffa7dc10000 - 0x00007ffa7dcb6000 	C:\WINDOWS\system32\ADVAPI32.dll
0x00007ffa7bd80000 - 0x00007ffa7be1d000 	C:\WINDOWS\system32\msvcrt.dll
0x00007ffa7de20000 - 0x00007ffa7de7b000 	C:\WINDOWS\system32\sechost.dll
0x00007ffa7dee0000 - 0x00007ffa7e006000 	C:\WINDOWS\system32\RPCRT4.dll
0x00007ffa7d550000 - 0x00007ffa7d69e000 	C:\WINDOWS\system32\USER32.dll
0x00007ffa7da20000 - 0x00007ffa7dba6000 	C:\WINDOWS\system32\GDI32.dll
0x00007ffa75330000 - 0x00007ffa755a4000 	C:\WINDOWS\WinSxS\amd64_microsoft.windows.common-controls_6595b64144ccf1df_6.0.10240.16384_none_f41f7b285750ef43\COMCTL32.dll
0x00007ffa7dd30000 - 0x00007ffa7dd66000 	C:\WINDOWS\system32\IMM32.DLL
0x00007ffa7e020000 - 0x00007ffa7e17c000 	C:\WINDOWS\system32\MSCTF.dll
0x00000000644c0000 - 0x0000000064592000 	C:\Program Files\Java\jdk1.8.0_40\jre\bin\msvcr100.dll
0x0000000064960000 - 0x00000000651e3000 	C:\Program Files\Java\jdk1.8.0_40\jre\bin\server\jvm.dll
0x00007ffa7da10000 - 0x00007ffa7da18000 	C:\WINDOWS\system32\PSAPI.DLL
0x00007ffa744d0000 - 0x00007ffa744d9000 	C:\WINDOWS\SYSTEM32\WSOCK32.dll
0x00007ffa7dcc0000 - 0x00007ffa7dd29000 	C:\WINDOWS\system32\WS2_32.dll
0x00007ffa7e010000 - 0x00007ffa7e018000 	C:\WINDOWS\system32\NSI.dll
0x00007ffa794b0000 - 0x00007ffa794d3000 	C:\WINDOWS\SYSTEM32\WINMM.dll
0x00007ffa77830000 - 0x00007ffa7783a000 	C:\WINDOWS\SYSTEM32\VERSION.dll
0x00007ffa79480000 - 0x00007ffa794ac000 	C:\WINDOWS\SYSTEM32\WINMMBASE.dll
0x00007ffa7b010000 - 0x00007ffa7b054000 	C:\WINDOWS\system32\cfgmgr32.dll
0x00007ffa797d0000 - 0x00007ffa797f7000 	C:\WINDOWS\SYSTEM32\DEVOBJ.dll
0x0000000065e00000 - 0x0000000065e0f000 	C:\Program Files\Java\jdk1.8.0_40\jre\bin\verify.dll
0x0000000065dd0000 - 0x0000000065df9000 	C:\Program Files\Java\jdk1.8.0_40\jre\bin\java.dll
0x0000000065520000 - 0x0000000065536000 	C:\Program Files\Java\jdk1.8.0_40\jre\bin\zip.dll
0x00007ffa7bed0000 - 0x00007ffa7d3f2000 	C:\WINDOWS\system32\SHELL32.dll
0x00007ffa7b300000 - 0x00007ffa7b928000 	C:\WINDOWS\system32\windows.storage.dll
0x00007ffa7bb00000 - 0x00007ffa7bd7c000 	C:\WINDOWS\system32\combase.dll
0x00007ffa7d400000 - 0x00007ffa7d451000 	C:\WINDOWS\system32\shlwapi.dll
0x00007ffa7ae60000 - 0x00007ffa7ae6f000 	C:\WINDOWS\system32\kernel.appcore.dll
0x00007ffa7b060000 - 0x00007ffa7b113000 	C:\WINDOWS\system32\shcore.dll
0x00007ffa7ae70000 - 0x00007ffa7aeba000 	C:\WINDOWS\system32\powrprof.dll
0x00007ffa7aee0000 - 0x00007ffa7aef3000 	C:\WINDOWS\system32\profapi.dll

VM Arguments:
jvm_args: -Xmx1024M -Dfile.encoding=windows-1250 -Duser.country=US -Duser.language=en -Duser.variant 
java_command: com.android.dx.command.Main --dex --num-threads=4 --output C:\Users\lokalne\AndroidStudioProjects\AGHACK\app\build\intermediates\pre-dexed\debug\classes-f51a38b59440dbc96f518ee578d2e2f4a13d0848.jar C:\Users\lokalne\AndroidStudioProjects\AGHACK\app\build\intermediates\exploded-aar\com.google.android.gms\play-services-maps\7.8.0\jars\classes.jar
java_class_path (initial): D:\Users\Dominik\AppData\Local\Android\sdk\build-tools\23.0.1\lib\dx.jar
Launcher Type: SUN_STANDARD

Environment Variables:
PATH=C:\ProgramData\Oracle\Java\javapath;C:\Program Files (x86)\Intel\iCLS Client\;C:\Program Files\Intel\iCLS Client\;C:\Windows\system32;C:\Windows;C:\Windows\System32\Wbem;C:\Windows\System32\WindowsPowerShell\v1.0\;C:\Python34;C:\Program Files\Intel\Intel(R) Management Engine Components\DAL;C:\Program Files (x86)\Intel\Intel(R) Management Engine Components\DAL;C:\Program Files\Intel\Intel(R) Management Engine Components\IPT;C:\Program Files (x86)\Intel\Intel(R) Management Engine Components\IPT;C:\Program Files\Lenovo\Bluetooth Software\;C:\Program Files\Lenovo\Bluetooth Software\syswow64;C:\adb;C:\Program Files (x86)\Microsoft SQL Server\100\Tools\Binn\;C:\Program Files\Microsoft SQL Server\100\Tools\Binn\;C:\Program Files\Microsoft SQL Server\100\DTS\Binn\;C:\AWRoot\bin\common;C:\AWRoot\bin\lib;C:\WINDOWS\system32;C:\WINDOWS;C:\WINDOWS\System32\Wbem;C:\WINDOWS\System32\WindowsPowerShell\v1.0\;C:\Program Files (x86)\Skype\Phone\;C:\Program Files (x86)\NVIDIA Corporation\PhysX\Common
USERNAME=lokalne
OS=Windows_NT
PROCESSOR_IDENTIFIER=Intel64 Family 6 Model 58 Stepping 9, GenuineIntel



---------------  S Y S T E M  ---------------

OS: Windows 10.0 , 64 bit Build 10240 (10.0.10240.16384)

CPU:total 4 (2 cores per cpu, 2 threads per core) family 6 model 58 stepping 9, cmov, cx8, fxsr, mmx, sse, sse2, sse3, ssse3, sse4.1, sse4.2, popcnt, avx, aes, clmul, erms, ht, tsc, tscinvbit, tscinv

Memory: 4k page, physical 4056852k(469548k free), swap 6104852k(5032k free)

vm_info: Java HotSpot(TM) 64-Bit Server VM (25.40-b25) for windows-amd64 JRE (1.8.0_40-b25), built on Feb 10 2015 21:53:57 by "java_re" with MS VC++ 10.0 (VS2010)

time: Sun Oct 25 02:11:17 2015
elapsed time: 1 seconds (0d 0h 0m 1s)

