#
# There is insufficient memory for the Java Runtime Environment to continue.
# Native memory allocation (malloc) failed to allocate 188304 bytes for Chunk::new
# Possible reasons:
#   The system is out of physical RAM or swap space
#   In 32 bit mode, the process size limit was hit
# Possible solutions:
#   Reduce memory load on the system
#   Increase physical memory or swap space
#   Check if swap backing store is full
#   Use 64 bit Java on a 64 bit OS
#   Decrease Java heap size (-Xmx/-Xms)
#   Decrease number of Java threads
#   Decrease Java thread stack sizes (-Xss)
#   Set larger code cache with -XX:ReservedCodeCacheSize=
# This output file may be truncated or incomplete.
#
#  Out of Memory Error (allocation.cpp:390), pid=2360, tid=3600
#
# JRE version: Java(TM) SE Runtime Environment (8.0_40-b25) (build 1.8.0_40-b25)
# Java VM: Java HotSpot(TM) 64-Bit Server VM (25.40-b25 mixed mode windows-amd64 compressed oops)
# Failed to write core dump. Minidumps are not enabled by default on client versions of Windows
#

---------------  T H R E A D  ---------------

Current thread (0x0000000014e34000):  JavaThread "C2 CompilerThread0" daemon [_thread_in_native, id=3600, stack(0x00000000163a0000,0x00000000164a0000)]

Stack: [0x00000000163a0000,0x00000000164a0000]
[error occurred during error reporting (printing stack bounds), id 0xc0000005]

Native frames: (J=compiled Java code, j=interpreted, Vv=VM code, C=native code)
V  [jvm.dll+0x32b47a]


Current CompileTask:
C2:   5611 2958       4       com.android.dx.merge.DexMerger$1::write (9 bytes)


---------------  P R O C E S S  ---------------

Java Threads: ( => current thread )
  0x0000000014e8e000 JavaThread "Service Thread" daemon [_thread_blocked, id=9120, stack(0x0000000016aa0000,0x0000000016ba0000)]
  0x0000000014e3e800 JavaThread "C1 CompilerThread2" daemon [_thread_blocked, id=3640, stack(0x00000000165a0000,0x00000000166a0000)]
  0x0000000014e36000 JavaThread "C2 CompilerThread1" daemon [_thread_in_native, id=6620, stack(0x00000000164a0000,0x00000000165a0000)]
=>0x0000000014e34000 JavaThread "C2 CompilerThread0" daemon [_thread_in_native, id=3600, stack(0x00000000163a0000,0x00000000164a0000)]
  0x0000000014e31000 JavaThread "Attach Listener" daemon [_thread_blocked, id=3896, stack(0x00000000162a0000,0x00000000163a0000)]
  0x0000000014e30000 JavaThread "Signal Dispatcher" daemon [_thread_blocked, id=1152, stack(0x00000000161a0000,0x00000000162a0000)]
  0x0000000014df9800 JavaThread "Finalizer" daemon [_thread_blocked, id=8348, stack(0x0000000016080000,0x0000000016180000)]
  0x0000000002753800 JavaThread "Reference Handler" daemon [_thread_blocked, id=9472, stack(0x0000000015f80000,0x0000000016080000)]
  0x000000000255e800 JavaThread "main" [_thread_in_Java, id=768, stack(0x0000000002560000,0x0000000002660000)]

Other Threads:
  0x0000000014df7800 VMThread [stack: 0x0000000015e80000,0x0000000015f80000] [id=9620]
  0x00000000166d5000 WatcherThread [stack: 0x0000000016ba0000,0x0000000016ca0000] [id=6980]

VM state:not at safepoint (normal execution)

VM Mutex/Monitor currently owned by a thread: None

Heap:
 PSYoungGen      total 266240K, used 31879K [0x00000000eab00000, 0x00000000fbd00000, 0x0000000100000000)
  eden space 253440K, 12% used [0x00000000eab00000,0x00000000eca21f70,0x00000000fa280000)
  from space 12800K, 0% used [0x00000000faf80000,0x00000000faf80000,0x00000000fbc00000)
  to   space 13312K, 0% used [0x00000000fa280000,0x00000000fa280000,0x00000000faf80000)
 ParOldGen       total 95232K, used 37552K [0x00000000c0000000, 0x00000000c5d00000, 0x00000000eab00000)
  object space 95232K, 39% used [0x00000000c0000000,0x00000000c24ac028,0x00000000c5d00000)
 Metaspace       used 7795K, capacity 8158K, committed 8320K, reserved 1056768K
  class space    used 739K, capacity 785K, committed 896K, reserved 1048576K

Card table byte_map: [0x0000000011b20000,0x0000000011d30000] byte_map_base: 0x0000000011520000

Marking Bits: (ParMarkBitMap*) 0x0000000065164040
 Begin Bits: [0x0000000012290000, 0x0000000013290000)
 End Bits:   [0x0000000013290000, 0x0000000014290000)

Polling page: 0x00000000024f0000

CodeCache: size=245760Kb used=10505Kb max_used=10518Kb free=235254Kb
 bounds [0x0000000002760000, 0x00000000031c0000, 0x0000000011760000]
 total_blobs=3217 nmethods=2922 adapters=207
 compilation: enabled

Compilation events (10 events):
Event: 5.579 Thread 0x0000000014e36000 2954 %     4       com.android.dex.Mutf8::encode @ 8 (153 bytes)
Event: 5.579 Thread 0x0000000014e34000 2955 %     4       com.android.dex.Mutf8::countBytes @ 11 (98 bytes)
Event: 5.579 Thread 0x0000000014e3e800 2956   !   3       com.android.dex.Dex$Section::writeStringData (36 bytes)
Event: 5.580 Thread 0x0000000014e3e800 nmethod 2956 0x00000000031ab0d0 code [0x00000000031ab2c0, 0x00000000031abc58]
Event: 5.583 Thread 0x0000000014e34000 nmethod 2955% 0x0000000003190bd0 code [0x0000000003190d20, 0x00000000031910f8]
Event: 5.584 Thread 0x0000000014e34000 2957       4       com.android.dex.Mutf8::countBytes (98 bytes)
Event: 5.587 Thread 0x0000000014e34000 nmethod 2957 0x00000000031af150 code [0x00000000031af2a0, 0x00000000031af558]
Event: 5.592 Thread 0x0000000014e34000 2958       4       com.android.dx.merge.DexMerger$1::write (9 bytes)
Event: 5.593 Thread 0x0000000014e36000 nmethod 2954% 0x00000000031acf50 code [0x00000000031ad0a0, 0x00000000031ad938]
Event: 5.593 Thread 0x0000000014e36000 2959       4       com.android.dx.merge.DexMerger$1::write (51 bytes)

GC Heap History (10 events):
Event: 4.292 GC heap before
{Heap before GC invocations=8 (full 0):
 PSYoungGen      total 140288K, used 133050K [0x00000000eab00000, 0x00000000fbc00000, 0x0000000100000000)
  eden space 126976K, 100% used [0x00000000eab00000,0x00000000f2700000,0x00000000f2700000)
  from space 13312K, 45% used [0x00000000f2700000,0x00000000f2cee9c8,0x00000000f3400000)
  to   space 12800K, 0% used [0x00000000faf80000,0x00000000faf80000,0x00000000fbc00000)
 ParOldGen       total 42496K, used 26896K [0x00000000c0000000, 0x00000000c2980000, 0x00000000eab00000)
  object space 42496K, 63% used [0x00000000c0000000,0x00000000c1a44188,0x00000000c2980000)
 Metaspace       used 7778K, capacity 8158K, committed 8320K, reserved 1056768K
  class space    used 739K, capacity 785K, committed 896K, reserved 1048576K
Event: 4.300 GC heap after
Heap after GC invocations=8 (full 0):
 PSYoungGen      total 266240K, used 9535K [0x00000000eab00000, 0x00000000fbd00000, 0x0000000100000000)
  eden space 253440K, 0% used [0x00000000eab00000,0x00000000eab00000,0x00000000fa280000)
  from space 12800K, 74% used [0x00000000faf80000,0x00000000fb8cffe0,0x00000000fbc00000)
  to   space 13312K, 0% used [0x00000000fa280000,0x00000000fa280000,0x00000000faf80000)
 ParOldGen       total 42496K, used 27840K [0x00000000c0000000, 0x00000000c2980000, 0x00000000eab00000)
  object space 42496K, 65% used [0x00000000c0000000,0x00000000c1b301b8,0x00000000c2980000)
 Metaspace       used 7778K, capacity 8158K, committed 8320K, reserved 1056768K
  class space    used 739K, capacity 785K, committed 896K, reserved 1048576K
}
Event: 4.945 GC heap before
{Heap before GC invocations=9 (full 0):
 PSYoungGen      total 266240K, used 262975K [0x00000000eab00000, 0x00000000fbd00000, 0x0000000100000000)
  eden space 253440K, 100% used [0x00000000eab00000,0x00000000fa280000,0x00000000fa280000)
  from space 12800K, 74% used [0x00000000faf80000,0x00000000fb8cffe0,0x00000000fbc00000)
  to   space 13312K, 0% used [0x00000000fa280000,0x00000000fa280000,0x00000000faf80000)
 ParOldGen       total 42496K, used 27840K [0x00000000c0000000, 0x00000000c2980000, 0x00000000eab00000)
  object space 42496K, 65% used [0x00000000c0000000,0x00000000c1b301b8,0x00000000c2980000)
 Metaspace       used 7789K, capacity 8158K, committed 8320K, reserved 1056768K
  class space    used 739K, capacity 785K, committed 896K, reserved 1048576K
Event: 4.955 GC heap after
Heap after GC invocations=9 (full 0):
 PSYoungGen      total 266752K, used 13040K [0x00000000eab00000, 0x00000000fbd00000, 0x0000000100000000)
  eden space 253440K, 0% used [0x00000000eab00000,0x00000000eab00000,0x00000000fa280000)
  from space 13312K, 97% used [0x00000000fa280000,0x00000000faf3c0a8,0x00000000faf80000)
  to   space 12800K, 0% used [0x00000000faf80000,0x00000000faf80000,0x00000000fbc00000)
 ParOldGen       total 42496K, used 35279K [0x00000000c0000000, 0x00000000c2980000, 0x00000000eab00000)
  object space 42496K, 83% used [0x00000000c0000000,0x00000000c2273d88,0x00000000c2980000)
 Metaspace       used 7789K, capacity 8158K, committed 8320K, reserved 1056768K
  class space    used 739K, capacity 785K, committed 896K, reserved 1048576K
}
Event: 4.955 GC heap before
{Heap before GC invocations=10 (full 1):
 PSYoungGen      total 266752K, used 13040K [0x00000000eab00000, 0x00000000fbd00000, 0x0000000100000000)
  eden space 253440K, 0% used [0x00000000eab00000,0x00000000eab00000,0x00000000fa280000)
  from space 13312K, 97% used [0x00000000fa280000,0x00000000faf3c0a8,0x00000000faf80000)
  to   space 12800K, 0% used [0x00000000faf80000,0x00000000faf80000,0x00000000fbc00000)
 ParOldGen       total 42496K, used 35279K [0x00000000c0000000, 0x00000000c2980000, 0x00000000eab00000)
  object space 42496K, 83% used [0x00000000c0000000,0x00000000c2273d88,0x00000000c2980000)
 Metaspace       used 7789K, capacity 8158K, committed 8320K, reserved 1056768K
  class space    used 739K, capacity 785K, committed 896K, reserved 1048576K
Event: 5.033 GC heap after
Heap after GC invocations=10 (full 1):
 PSYoungGen      total 266752K, used 0K [0x00000000eab00000, 0x00000000fbd00000, 0x0000000100000000)
  eden space 253440K, 0% used [0x00000000eab00000,0x00000000eab00000,0x00000000fa280000)
  from space 13312K, 0% used [0x00000000fa280000,0x00000000fa280000,0x00000000faf80000)
  to   space 12800K, 0% used [0x00000000faf80000,0x00000000faf80000,0x00000000fbc00000)
 ParOldGen       total 66048K, used 31809K [0x00000000c0000000, 0x00000000c4080000, 0x00000000eab00000)
  object space 66048K, 48% used [0x00000000c0000000,0x00000000c1f10470,0x00000000c4080000)
 Metaspace       used 7789K, capacity 8158K, committed 8320K, reserved 1056768K
  class space    used 739K, capacity 785K, committed 896K, reserved 1048576K
}
Event: 5.481 GC heap before
{Heap before GC invocations=11 (full 1):
 PSYoungGen      total 266752K, used 253440K [0x00000000eab00000, 0x00000000fbd00000, 0x0000000100000000)
  eden space 253440K, 100% used [0x00000000eab00000,0x00000000fa280000,0x00000000fa280000)
  from space 13312K, 0% used [0x00000000fa280000,0x00000000fa280000,0x00000000faf80000)
  to   space 12800K, 0% used [0x00000000faf80000,0x00000000faf80000,0x00000000fbc00000)
 ParOldGen       total 66048K, used 31809K [0x00000000c0000000, 0x00000000c4080000, 0x00000000eab00000)
  object space 66048K, 48% used [0x00000000c0000000,0x00000000c1f10470,0x00000000c4080000)
 Metaspace       used 7795K, capacity 8158K, committed 8320K, reserved 1056768K
  class space    used 739K, capacity 785K, committed 896K, reserved 1048576K
Event: 5.492 GC heap after
Heap after GC invocations=11 (full 1):
 PSYoungGen      total 266240K, used 12797K [0x00000000eab00000, 0x00000000fbd00000, 0x0000000100000000)
  eden space 253440K, 0% used [0x00000000eab00000,0x00000000eab00000,0x00000000fa280000)
  from space 12800K, 99% used [0x00000000faf80000,0x00000000fbbff498,0x00000000fbc00000)
  to   space 13312K, 0% used [0x00000000fa280000,0x00000000fa280000,0x00000000faf80000)
 ParOldGen       total 66048K, used 59021K [0x00000000c0000000, 0x00000000c4080000, 0x00000000eab00000)
  object space 66048K, 89% used [0x00000000c0000000,0x00000000c39a3620,0x00000000c4080000)
 Metaspace       used 7795K, capacity 8158K, committed 8320K, reserved 1056768K
  class space    used 739K, capacity 785K, committed 896K, reserved 1048576K
}
Event: 5.492 GC heap before
{Heap before GC invocations=12 (full 2):
 PSYoungGen      total 266240K, used 12797K [0x00000000eab00000, 0x00000000fbd00000, 0x0000000100000000)
  eden space 253440K, 0% used [0x00000000eab00000,0x00000000eab00000,0x00000000fa280000)
  from space 12800K, 99% used [0x00000000faf80000,0x00000000fbbff498,0x00000000fbc00000)
  to   space 13312K, 0% used [0x00000000fa280000,0x00000000fa280000,0x00000000faf80000)
 ParOldGen       total 66048K, used 59021K [0x00000000c0000000, 0x00000000c4080000, 0x00000000eab00000)
  object space 66048K, 89% used [0x00000000c0000000,0x00000000c39a3620,0x00000000c4080000)
 Metaspace       used 7795K, capacity 8158K, committed 8320K, reserved 1056768K
  class space    used 739K, capacity 785K, committed 896K, reserved 1048576K
Event: 5.535 GC heap after
Heap after GC invocations=12 (full 2):
 PSYoungGen      total 266240K, used 0K [0x00000000eab00000, 0x00000000fbd00000, 0x0000000100000000)
  eden space 253440K, 0% used [0x00000000eab00000,0x00000000eab00000,0x00000000fa280000)
  from space 12800K, 0% used [0x00000000faf80000,0x00000000faf80000,0x00000000fbc00000)
  to   space 13312K, 0% used [0x00000000fa280000,0x00000000fa280000,0x00000000faf80000)
 ParOldGen       total 95232K, used 37552K [0x00000000c0000000, 0x00000000c5d00000, 0x00000000eab00000)
  object space 95232K, 39% used [0x00000000c0000000,0x00000000c24ac028,0x00000000c5d00000)
 Metaspace       used 7795K, capacity 8158K, committed 8320K, reserved 1056768K
  class space    used 739K, capacity 785K, committed 896K, reserved 1048576K
}

Deoptimization events (10 events):
Event: 5.431 Thread 0x000000000255e800 Uncommon trap: reason=array_check action=maybe_recompile pc=0x00000000031948fc method=java.util.TimSort.binarySort([Ljava/lang/Object;IIILjava/util/Comparator;)V @ 183
Event: 5.431 Thread 0x000000000255e800 Uncommon trap: reason=array_check action=maybe_recompile pc=0x0000000003195788 method=java.util.TimSort.reverseRange([Ljava/lang/Object;II)V @ 20
Event: 5.431 Thread 0x000000000255e800 Uncommon trap: reason=array_check action=maybe_recompile pc=0x0000000003194814 method=java.util.TimSort.binarySort([Ljava/lang/Object;IIILjava/util/Comparator;)V @ 193
Event: 5.431 Thread 0x000000000255e800 Uncommon trap: reason=array_check action=maybe_recompile pc=0x0000000003195788 method=java.util.TimSort.reverseRange([Ljava/lang/Object;II)V @ 20
Event: 5.575 Thread 0x000000000255e800 Uncommon trap: reason=array_check action=maybe_recompile pc=0x000000000318a754 method=java.util.ComparableTimSort.binarySort([Ljava/lang/Object;III)V @ 193
Event: 5.575 Thread 0x000000000255e800 Uncommon trap: reason=unstable_if action=reinterpret pc=0x0000000003016c48 method=com.android.dex.Mutf8.countBytes(Ljava/lang/String;Z)J @ 28
Event: 5.576 Thread 0x000000000255e800 Uncommon trap: reason=unstable_if action=reinterpret pc=0x0000000002fc58dc method=com.android.dex.Mutf8.encode([BILjava/lang/String;)V @ 24
Event: 5.576 Thread 0x000000000255e800 Uncommon trap: reason=unstable_if action=reinterpret pc=0x000000000301b7c4 method=com.android.dex.Mutf8.countBytes(Ljava/lang/String;Z)J @ 28
Event: 5.576 Thread 0x000000000255e800 Uncommon trap: reason=unstable_if action=reinterpret pc=0x0000000003024d20 method=com.android.dex.Mutf8.countBytes(Ljava/lang/String;Z)J @ 28
Event: 5.576 Thread 0x000000000255e800 Uncommon trap: reason=unstable_if action=reinterpret pc=0x0000000002f7fff4 method=com.android.dex.Mutf8.countBytes(Ljava/lang/String;Z)J @ 28

Internal exceptions (2 events):
Event: 0.042 Thread 0x000000000255e800 Exception <a 'java/lang/NoSuchMethodError': Method sun.misc.Unsafe.defineClass(Ljava/lang/String;[BII)Ljava/lang/Class; name or signature does not match> (0x00000000eab12ea0) thrown at [D:\re\workspace\8-2-build-windows-amd64-cygwin\jdk8u40\2855\hotspot\sr]Fîñîu¥?
Event: 0.042 Thread 0x000000000255e800 Exception <a 'java/lang/NoSuchMethodError': Method sun.misc.Unsafe.prefetchRead(Ljava/lang/Object;J)V name or signature does not match> (0x00000000eab13130) thrown at [D:\re\workspace\8-2-build-windows-amd64-cygwin\jdk8u40\2855\hotspot\src\share\vm\prims\j

Events (10 events):
Event: 5.602 Thread 0x000000000255e800 DEOPT PACKING pc=0x0000000003198b31 sp=0x000000000265ef90
Event: 5.602 Thread 0x000000000255e800 DEOPT UNPACKING pc=0x00000000027a787f sp=0x000000000265ecf0 mode 0
Event: 5.602 Thread 0x000000000255e800 DEOPT PACKING pc=0x0000000003198b31 sp=0x000000000265ef90
Event: 5.602 Thread 0x000000000255e800 DEOPT UNPACKING pc=0x00000000027a787f sp=0x000000000265ecf0 mode 0
Event: 5.603 Thread 0x000000000255e800 DEOPT PACKING pc=0x0000000003198b31 sp=0x000000000265ef90
Event: 5.603 Thread 0x000000000255e800 DEOPT UNPACKING pc=0x00000000027a787f sp=0x000000000265ecf0 mode 0
Event: 5.603 Thread 0x000000000255e800 DEOPT PACKING pc=0x0000000003198b31 sp=0x000000000265ef90
Event: 5.603 Thread 0x000000000255e800 DEOPT UNPACKING pc=0x00000000027a787f sp=0x000000000265ecf0 mode 0
Event: 5.604 Thread 0x000000000255e800 DEOPT PACKING pc=0x0000000003198b31 sp=0x000000000265ef90
Event: 5.604 Thread 0x000000000255e800 DEOPT UNPACKING pc=0x00000000027a787f sp=0x000000000265ecf0 mode 0


Dynamic libraries:
0x00007ff7f6540000 - 0x00007ff7f6577000 	C:\Program Files\Java\jdk1.8.0_40\bin\java.exe
0x00007ffa7e430000 - 0x00007ffa7e5f1000 	C:\WINDOWS\SYSTEM32\ntdll.dll
0x00007ffa7be20000 - 0x00007ffa7becd000 	C:\WINDOWS\system32\KERNEL32.DLL
0x00007ffa7b120000 - 0x00007ffa7b2fd000 	C:\WINDOWS\system32\KERNELBASE.dll
0x00007ffa7dc10000 - 0x00007ffa7dcb6000 	C:\WINDOWS\system32\ADVAPI32.dll
0x00007ffa7bd80000 - 0x00007ffa7be1d000 	C:\WINDOWS\system32\msvcrt.dll
0x00007ffa7de20000 - 0x00007ffa7de7b000 	C:\WINDOWS\system32\sechost.dll
0x00007ffa7dee0000 - 0x00007ffa7e006000 	C:\WINDOWS\system32\RPCRT4.dll
0x00007ffa7d550000 - 0x00007ffa7d69e000 	C:\WINDOWS\system32\USER32.dll
0x00007ffa7da20000 - 0x00007ffa7dba6000 	C:\WINDOWS\system32\GDI32.dll
0x00007ffa75330000 - 0x00007ffa755a4000 	C:\WINDOWS\WinSxS\amd64_microsoft.windows.common-controls_6595b64144ccf1df_6.0.10240.16384_none_f41f7b285750ef43\COMCTL32.dll
0x00007ffa7dd30000 - 0x00007ffa7dd66000 	C:\WINDOWS\system32\IMM32.DLL
0x00007ffa7e020000 - 0x00007ffa7e17c000 	C:\WINDOWS\system32\MSCTF.dll
0x00000000644c0000 - 0x0000000064592000 	C:\Program Files\Java\jdk1.8.0_40\jre\bin\msvcr100.dll
0x0000000064960000 - 0x00000000651e3000 	C:\Program Files\Java\jdk1.8.0_40\jre\bin\server\jvm.dll
0x00007ffa7da10000 - 0x00007ffa7da18000 	C:\WINDOWS\system32\PSAPI.DLL
0x00007ffa744d0000 - 0x00007ffa744d9000 	C:\WINDOWS\SYSTEM32\WSOCK32.dll
0x00007ffa77830000 - 0x00007ffa7783a000 	C:\WINDOWS\SYSTEM32\VERSION.dll
0x00007ffa794b0000 - 0x00007ffa794d3000 	C:\WINDOWS\SYSTEM32\WINMM.dll
0x00007ffa7dcc0000 - 0x00007ffa7dd29000 	C:\WINDOWS\system32\WS2_32.dll
0x00007ffa7e010000 - 0x00007ffa7e018000 	C:\WINDOWS\system32\NSI.dll
0x00007ffa79480000 - 0x00007ffa794ac000 	C:\WINDOWS\SYSTEM32\WINMMBASE.dll
0x00007ffa7b010000 - 0x00007ffa7b054000 	C:\WINDOWS\system32\cfgmgr32.dll
0x00007ffa797d0000 - 0x00007ffa797f7000 	C:\WINDOWS\SYSTEM32\DEVOBJ.dll
0x0000000065e00000 - 0x0000000065e0f000 	C:\Program Files\Java\jdk1.8.0_40\jre\bin\verify.dll
0x0000000065dd0000 - 0x0000000065df9000 	C:\Program Files\Java\jdk1.8.0_40\jre\bin\java.dll
0x0000000065520000 - 0x0000000065536000 	C:\Program Files\Java\jdk1.8.0_40\jre\bin\zip.dll
0x00007ffa7bed0000 - 0x00007ffa7d3f2000 	C:\WINDOWS\system32\SHELL32.dll
0x00007ffa7b300000 - 0x00007ffa7b928000 	C:\WINDOWS\system32\windows.storage.dll
0x00007ffa7bb00000 - 0x00007ffa7bd7c000 	C:\WINDOWS\system32\combase.dll
0x00007ffa7d400000 - 0x00007ffa7d451000 	C:\WINDOWS\system32\shlwapi.dll
0x00007ffa7ae60000 - 0x00007ffa7ae6f000 	C:\WINDOWS\system32\kernel.appcore.dll
0x00007ffa7b060000 - 0x00007ffa7b113000 	C:\WINDOWS\system32\shcore.dll
0x00007ffa7ae70000 - 0x00007ffa7aeba000 	C:\WINDOWS\system32\powrprof.dll
0x00007ffa7aee0000 - 0x00007ffa7aef3000 	C:\WINDOWS\system32\profapi.dll

VM Arguments:
jvm_args: -Xmx1024M -Dfile.encoding=windows-1250 -Duser.country=US -Duser.language=en -Duser.variant 
java_command: com.android.dx.command.Main --dex --num-threads=4 --output C:\Users\lokalne\AndroidStudioProjects\AGHACK\app\build\intermediates\dex\debug C:\Users\lokalne\AndroidStudioProjects\AGHACK\app\build\intermediates\classes\debug C:\Users\lokalne\AndroidStudioProjects\AGHACK\app\build\intermediates\pre-dexed\debug\support-annotations-23.0.0-85bc88a83f09403e912b44b4d07f2ab7076d04df.jar C:\Users\lokalne\AndroidStudioProjects\AGHACK\app\build\intermediates\pre-dexed\debug\classes-dacf807dd7d471b7cb984805b2df5469dd97d88d.jar C:\Users\lokalne\AndroidStudioProjects\AGHACK\app\build\intermediates\pre-dexed\debug\internal_impl-22.2.0-b048449eea2880c5bfe04a253dbc9931dabeb1ba.jar C:\Users\lokalne\AndroidStudioProjects\AGHACK\app\build\intermediates\pre-dexed\debug\classes-d4dfc091a85cd4b63c832c9455b76615f1b6c4ea.jar C:\Users\lokalne\AndroidStudioProjects\AGHACK\app\build\intermediates\pre-dexed\debug\classes-ba129e584285a2c1808cd1647f0b95fbf4fcbb8a.jar C:\Users\lokalne\AndroidStudioProjects\AGHACK\app\build\intermediates\pre-dexed\debug\classes-27c84c2020e5d2d731327fdac6bc6fadda167ca0.jar C:\Users\lokalne\AndroidStudioProjects\AGHACK\app\build\intermediates\pre-dexed\debug\classes-1c817692df3e84231561fa09cfb59809b55e4590.jar C:\Users\lokalne\AndroidStudioProjects\AGHACK\app\build\intermediates\pre-dexed\debug\classes-be254ca185a6264ae1220ee1673394eac74d976a.jar C:\Users\lokalne\AndroidStudioProjects\AGHACK\app\build\intermediates\pre-dexed\debug\classes-13ec9b566223bc33e029b0155abf97b82725a339.jar C:\Users\lokalne\AndroidStudioProjects\AGHACK\app\build\intermediates\pre-dexed\debug\classes-3cffbc7d8c97d124e10719182b8f19002119dbfc.jar C:\Users\lokalne\AndroidStudioProjects\AGHACK\app\build\intermediates\pre-dexed\debug\classes-ebe80683ed6690ff996b1a27e7f409c360485438.jar C:\Users\lokalne\AndroidStudioProjects\AGHACK\app\build\intermediates\pre-dexed\debug\retrofit-1.9.0-eb185b278c0b10cfdb426d82d9e0cd902d9c94cb.jar C:\Users\lokalne\AndroidStudioProjects\AGHACK\app\buil
java_class_path (initial): D:\Users\Dominik\AppData\Local\Android\sdk\build-tools\23.0.1\lib\dx.jar
Launcher Type: SUN_STANDARD

Environment Variables:
PATH=C:\ProgramData\Oracle\Java\javapath;C:\Program Files (x86)\Intel\iCLS Client\;C:\Program Files\Intel\iCLS Client\;C:\Windows\system32;C:\Windows;C:\Windows\System32\Wbem;C:\Windows\System32\WindowsPowerShell\v1.0\;C:\Python34;C:\Program Files\Intel\Intel(R) Management Engine Components\DAL;C:\Program Files (x86)\Intel\Intel(R) Management Engine Components\DAL;C:\Program Files\Intel\Intel(R) Management Engine Components\IPT;C:\Program Files (x86)\Intel\Intel(R) Management Engine Components\IPT;C:\Program Files\Lenovo\Bluetooth Software\;C:\Program Files\Lenovo\Bluetooth Software\syswow64;C:\adb;C:\Program Files (x86)\Microsoft SQL Server\100\Tools\Binn\;C:\Program Files\Microsoft SQL Server\100\Tools\Binn\;C:\Program Files\Microsoft SQL Server\100\DTS\Binn\;C:\AWRoot\bin\common;C:\AWRoot\bin\lib;C:\WINDOWS\system32;C:\WINDOWS;C:\WINDOWS\System32\Wbem;C:\WINDOWS\System32\WindowsPowerShell\v1.0\;C:\Program Files (x86)\Skype\Phone\;C:\Program Files (x86)\NVIDIA Corporation\PhysX\Common
USERNAME=lokalne
OS=Windows_NT
PROCESSOR_IDENTIFIER=Intel64 Family 6 Model 58 Stepping 9, GenuineIntel



---------------  S Y S T E M  ---------------

OS: Windows 10.0 , 64 bit Build 10240 (10.0.10240.16384)

CPU:total 4 (2 cores per cpu, 2 threads per core) family 6 model 58 stepping 9, cmov, cx8, fxsr, mmx, sse, sse2, sse3, ssse3, sse4.1, sse4.2, popcnt, avx, aes, clmul, erms, ht, tsc, tscinvbit, tscinv

Memory: 4k page, physical 4056852k(277440k free), swap 6104852k(4188k free)

vm_info: Java HotSpot(TM) 64-Bit Server VM (25.40-b25) for windows-amd64 JRE (1.8.0_40-b25), built on Feb 10 2015 21:53:57 by "java_re" with MS VC++ 10.0 (VS2010)

time: Sun Oct 25 02:10:24 2015
elapsed time: 5 seconds (0d 0h 0m 5s)

